2025-07-02 16:20:11,965 - INFO - 選擇權交易量追蹤器已初始化
2025-07-02 16:20:11,965 - INFO - 正在獲取S&P 500股票列表...
2025-07-02 16:20:12,725 - INFO - 成功獲取 503 支S&P 500股票
2025-07-02 16:22:49,037 - INFO - 成功載入現有監控清單，包含 50 支股票
2025-07-02 16:22:49,038 - INFO - 已備份原文件到: stock_watchlist.json.backup
2025-07-02 16:22:49,039 - INFO - 成功更新 stock_watchlist.json，包含 50 支股票
2025-07-02 16:27:45,997 - INFO - 選擇權交易量追蹤器已初始化
2025-07-02 16:27:45,997 - INFO - 正在獲取S&P 500股票列表...
2025-07-02 16:27:46,726 - INFO - 成功獲取 503 支S&P 500股票
2025-07-02 16:30:22,607 - INFO - 成功載入現有監控清單，包含 50 支股票
2025-07-02 16:30:22,609 - INFO - 已備份原文件到: stock_watchlist.json.backup
2025-07-02 16:30:22,609 - INFO - 成功更新 stock_watchlist.json，包含 50 支股票
2025-07-02 16:34:07,627 - INFO - 選擇權交易量追蹤器已初始化
2025-07-02 16:34:07,627 - INFO - 正在獲取S&P 500股票列表...
2025-07-02 16:34:08,306 - INFO - 成功獲取 503 支S&P 500股票
2025-07-02 16:36:47,310 - INFO - 成功載入現有監控清單，包含 50 支股票
2025-07-02 16:36:47,311 - INFO - 已備份原文件到: stock_watchlist.json.backup
2025-07-02 16:36:47,312 - INFO - 成功更新 stock_watchlist.json，包含 50 支股票
2025-07-02 17:47:48,915 - INFO - 選擇權交易量追蹤器已初始化
2025-07-02 17:47:48,916 - INFO - 正在獲取S&P 500股票列表...
2025-07-02 17:47:49,828 - INFO - 成功獲取 503 支S&P 500股票
2025-07-02 17:50:23,446 - INFO - 成功載入現有監控清單，包含 50 支股票
2025-07-02 17:50:23,447 - INFO - 已備份原文件到: stock_watchlist.json.backup
2025-07-02 17:50:23,448 - INFO - 成功更新 stock_watchlist.json，包含 50 支股票
