2025-06-30 12:01:29,318 - INFO - 選擇權交易量追蹤器已初始化
2025-06-30 12:01:29,319 - INFO - 開始執行選擇權交易量掃描...
2025-06-30 12:01:29,319 - INFO - 正在獲取S&P 500股票列表...
2025-06-30 12:01:30,220 - INFO - 成功獲取 503 支S&P 500股票
2025-06-30 12:01:30,220 - INFO - 正在分析 503 支股票的選擇權交易量...
2025-06-30 12:01:30,221 - INFO - 進度: 1/503 - 分析 MMM
2025-06-30 12:01:30,704 - INFO - 進度: 2/503 - 分析 AOS
2025-06-30 12:01:30,970 - INFO - 進度: 3/503 - 分析 ABT
2025-06-30 12:01:31,256 - INFO - 進度: 4/503 - 分析 ABBV
2025-06-30 12:01:31,553 - INFO - 進度: 5/503 - 分析 ACN
2025-06-30 12:01:31,864 - INFO - 進度: 6/503 - 分析 ADBE
2025-06-30 12:01:32,192 - INFO - 進度: 7/503 - 分析 AMD
2025-06-30 12:01:32,522 - INFO - 進度: 8/503 - 分析 AES
2025-06-30 12:01:32,803 - INFO - 進度: 9/503 - 分析 AFL
2025-06-30 12:01:33,075 - INFO - 進度: 10/503 - 分析 A
2025-06-30 12:01:33,371 - INFO - 進度: 11/503 - 分析 APD
2025-06-30 12:01:33,647 - INFO - 進度: 12/503 - 分析 ABNB
2025-06-30 12:01:33,953 - INFO - 進度: 13/503 - 分析 AKAM
2025-06-30 12:01:34,249 - INFO - 進度: 14/503 - 分析 ALB
2025-06-30 12:01:34,548 - INFO - 進度: 15/503 - 分析 ARE
2025-06-30 12:01:34,839 - INFO - 進度: 16/503 - 分析 ALGN
2025-06-30 12:01:35,116 - INFO - 進度: 17/503 - 分析 ALLE
2025-06-30 12:01:35,381 - INFO - 進度: 18/503 - 分析 LNT
2025-06-30 12:01:35,649 - INFO - 進度: 19/503 - 分析 ALL
2025-06-30 12:01:36,045 - INFO - 進度: 20/503 - 分析 GOOGL
2025-06-30 12:01:36,355 - INFO - 進度: 21/503 - 分析 GOOG
2025-06-30 12:01:36,657 - INFO - 進度: 22/503 - 分析 MO
2025-06-30 12:01:36,932 - INFO - 進度: 23/503 - 分析 AMZN
2025-06-30 12:01:37,239 - INFO - 進度: 24/503 - 分析 AMCR
2025-06-30 12:01:37,509 - INFO - 進度: 25/503 - 分析 AEE
2025-06-30 12:01:37,775 - INFO - 進度: 26/503 - 分析 AEP
2025-06-30 12:01:38,069 - INFO - 進度: 27/503 - 分析 AXP
2025-06-30 12:01:38,383 - INFO - 進度: 28/503 - 分析 AIG
2025-06-30 12:01:38,671 - INFO - 進度: 29/503 - 分析 AMT
2025-06-30 12:01:38,973 - INFO - 進度: 30/503 - 分析 AWK
2025-06-30 12:01:39,247 - INFO - 進度: 31/503 - 分析 AMP
2025-06-30 12:01:39,515 - INFO - 進度: 32/503 - 分析 AME
2025-06-30 12:01:39,797 - INFO - 進度: 33/503 - 分析 AMGN
2025-06-30 12:01:40,081 - INFO - 進度: 34/503 - 分析 APH
2025-06-30 12:01:40,366 - INFO - 進度: 35/503 - 分析 ADI
2025-06-30 12:01:40,640 - INFO - 進度: 36/503 - 分析 ANSS
2025-06-30 12:01:40,910 - INFO - 進度: 37/503 - 分析 AON
2025-06-30 12:01:41,203 - INFO - 進度: 38/503 - 分析 APA
2025-06-30 12:01:41,487 - INFO - 進度: 39/503 - 分析 APO
2025-06-30 12:01:41,773 - INFO - 進度: 40/503 - 分析 AAPL
2025-06-30 12:01:42,068 - INFO - 進度: 41/503 - 分析 AMAT
2025-06-30 12:01:42,365 - INFO - 進度: 42/503 - 分析 APTV
2025-06-30 12:01:42,633 - INFO - 進度: 43/503 - 分析 ACGL
2025-06-30 12:01:42,898 - INFO - 進度: 44/503 - 分析 ADM
2025-06-30 12:01:43,180 - INFO - 進度: 45/503 - 分析 ANET
2025-06-30 12:01:43,491 - INFO - 進度: 46/503 - 分析 AJG
2025-06-30 12:01:43,771 - INFO - 進度: 47/503 - 分析 AIZ
2025-06-30 12:01:44,045 - INFO - 進度: 48/503 - 分析 T
2025-06-30 12:01:44,351 - INFO - 進度: 49/503 - 分析 ATO
2025-06-30 12:01:44,618 - INFO - 進度: 50/503 - 分析 ADSK
2025-06-30 12:01:44,900 - INFO - 進度: 51/503 - 分析 ADP
2025-06-30 12:01:45,186 - INFO - 進度: 52/503 - 分析 AZO
2025-06-30 12:01:45,514 - INFO - 進度: 53/503 - 分析 AVB
2025-06-30 12:01:45,805 - INFO - 進度: 54/503 - 分析 AVY
2025-06-30 12:01:46,087 - INFO - 進度: 55/503 - 分析 AXON
2025-06-30 12:01:46,398 - INFO - 進度: 56/503 - 分析 BKR
2025-06-30 12:01:46,681 - INFO - 進度: 57/503 - 分析 BALL
2025-06-30 12:01:46,965 - INFO - 進度: 58/503 - 分析 BAC
2025-06-30 12:01:47,265 - INFO - 進度: 59/503 - 分析 BAX
2025-06-30 12:01:47,536 - INFO - 進度: 60/503 - 分析 BDX
2025-06-30 12:01:47,815 - INFO - 進度: 61/503 - 分析 BRK.B
2025-06-30 12:01:47,996 - INFO - 進度: 62/503 - 分析 BBY
2025-06-30 12:01:48,274 - INFO - 進度: 63/503 - 分析 TECH
2025-06-30 12:01:48,549 - INFO - 進度: 64/503 - 分析 BIIB
2025-06-30 12:01:48,852 - INFO - 進度: 65/503 - 分析 BLK
2025-06-30 12:01:49,181 - INFO - 進度: 66/503 - 分析 BX
2025-06-30 12:01:49,467 - INFO - 進度: 67/503 - 分析 BK
2025-06-30 12:01:49,750 - INFO - 進度: 68/503 - 分析 BA
2025-06-30 12:01:50,069 - INFO - 進度: 69/503 - 分析 BKNG
2025-06-30 12:01:50,436 - INFO - 進度: 70/503 - 分析 BSX
2025-06-30 12:01:50,719 - INFO - 進度: 71/503 - 分析 BMY
2025-06-30 12:01:51,016 - INFO - 進度: 72/503 - 分析 AVGO
2025-06-30 12:01:51,322 - INFO - 進度: 73/503 - 分析 BR
2025-06-30 12:01:51,602 - INFO - 進度: 74/503 - 分析 BRO
2025-06-30 12:01:51,885 - INFO - 進度: 75/503 - 分析 BF.B
2025-06-30 12:01:52,063 - INFO - 進度: 76/503 - 分析 BLDR
2025-06-30 12:01:52,343 - INFO - 進度: 77/503 - 分析 BG
2025-06-30 12:01:52,636 - INFO - 進度: 78/503 - 分析 BXP
2025-06-30 12:01:52,914 - INFO - 進度: 79/503 - 分析 CHRW
2025-06-30 12:01:53,293 - INFO - 進度: 80/503 - 分析 CDNS
2025-06-30 12:01:53,597 - INFO - 進度: 81/503 - 分析 CZR
2025-06-30 12:01:53,899 - INFO - 進度: 82/503 - 分析 CPT
2025-06-30 12:01:54,169 - INFO - 進度: 83/503 - 分析 CPB
2025-06-30 12:01:54,441 - INFO - 進度: 84/503 - 分析 COF
2025-06-30 12:01:54,756 - INFO - 進度: 85/503 - 分析 CAH
2025-06-30 12:01:55,045 - INFO - 進度: 86/503 - 分析 KMX
2025-06-30 12:01:55,324 - INFO - 進度: 87/503 - 分析 CCL
2025-06-30 12:01:55,707 - INFO - 進度: 88/503 - 分析 CARR
2025-06-30 12:01:55,979 - INFO - 進度: 89/503 - 分析 CAT
2025-06-30 12:01:56,266 - INFO - 進度: 90/503 - 分析 CBOE
2025-06-30 12:01:56,532 - INFO - 進度: 91/503 - 分析 CBRE
2025-06-30 12:01:56,797 - INFO - 進度: 92/503 - 分析 CDW
2025-06-30 12:01:57,090 - INFO - 進度: 93/503 - 分析 COR
2025-06-30 12:01:57,383 - INFO - 進度: 94/503 - 分析 CNC
2025-06-30 12:01:57,716 - INFO - 進度: 95/503 - 分析 CNP
2025-06-30 12:01:57,999 - INFO - 進度: 96/503 - 分析 CF
2025-06-30 12:01:58,436 - INFO - 進度: 97/503 - 分析 CRL
2025-06-30 12:01:58,836 - INFO - 進度: 98/503 - 分析 SCHW
2025-06-30 12:01:59,153 - INFO - 進度: 99/503 - 分析 CHTR
2025-06-30 12:01:59,565 - INFO - 進度: 100/503 - 分析 CVX
2025-06-30 12:01:59,946 - INFO - 進度: 101/503 - 分析 CMG
2025-06-30 12:02:00,369 - INFO - 進度: 102/503 - 分析 CB
2025-06-30 12:02:00,752 - INFO - 進度: 103/503 - 分析 CHD
2025-06-30 12:02:01,238 - INFO - 進度: 104/503 - 分析 CI
2025-06-30 12:02:01,637 - INFO - 進度: 105/503 - 分析 CINF
2025-06-30 12:02:02,263 - INFO - 進度: 106/503 - 分析 CTAS
2025-06-30 12:02:02,635 - INFO - 進度: 107/503 - 分析 CSCO
2025-06-30 12:02:02,966 - INFO - 進度: 108/503 - 分析 C
2025-06-30 12:02:03,286 - INFO - 進度: 109/503 - 分析 CFG
2025-06-30 12:02:03,567 - INFO - 進度: 110/503 - 分析 CLX
2025-06-30 12:02:03,996 - INFO - 進度: 111/503 - 分析 CME
2025-06-30 12:02:04,281 - INFO - 進度: 112/503 - 分析 CMS
2025-06-30 12:02:04,608 - INFO - 進度: 113/503 - 分析 KO
2025-06-30 12:02:04,915 - INFO - 進度: 114/503 - 分析 CTSH
2025-06-30 12:02:05,230 - INFO - 進度: 115/503 - 分析 COIN
2025-06-30 12:02:05,583 - INFO - 進度: 116/503 - 分析 CL
2025-06-30 12:02:05,881 - INFO - 進度: 117/503 - 分析 CMCSA
2025-06-30 12:02:06,165 - INFO - 進度: 118/503 - 分析 CAG
2025-06-30 12:02:06,441 - INFO - 進度: 119/503 - 分析 COP
2025-06-30 12:02:06,747 - INFO - 進度: 120/503 - 分析 ED
2025-06-30 12:02:07,037 - INFO - 進度: 121/503 - 分析 STZ
2025-06-30 12:02:07,324 - INFO - 進度: 122/503 - 分析 CEG
2025-06-30 12:02:07,652 - INFO - 進度: 123/503 - 分析 COO
2025-06-30 12:02:07,932 - INFO - 進度: 124/503 - 分析 CPRT
2025-06-30 12:02:08,204 - INFO - 進度: 125/503 - 分析 GLW
2025-06-30 12:02:08,519 - INFO - 進度: 126/503 - 分析 CPAY
2025-06-30 12:02:08,839 - INFO - 進度: 127/503 - 分析 CTVA
2025-06-30 12:02:09,115 - INFO - 進度: 128/503 - 分析 CSGP
2025-06-30 12:02:09,430 - INFO - 進度: 129/503 - 分析 COST
2025-06-30 12:02:09,797 - INFO - 進度: 130/503 - 分析 CTRA
2025-06-30 12:02:10,119 - INFO - 進度: 131/503 - 分析 CRWD
2025-06-30 12:02:10,456 - INFO - 進度: 132/503 - 分析 CCI
2025-06-30 12:02:10,749 - INFO - 進度: 133/503 - 分析 CSX
2025-06-30 12:02:11,122 - INFO - 進度: 134/503 - 分析 CMI
2025-06-30 12:02:11,430 - INFO - 進度: 135/503 - 分析 CVS
2025-06-30 12:02:11,758 - INFO - 進度: 136/503 - 分析 DHR
2025-06-30 12:02:12,141 - INFO - 進度: 137/503 - 分析 DRI
2025-06-30 12:02:12,437 - INFO - 進度: 138/503 - 分析 DVA
2025-06-30 12:02:12,749 - INFO - 進度: 139/503 - 分析 DAY
2025-06-30 12:02:13,063 - INFO - 進度: 140/503 - 分析 DECK
2025-06-30 12:02:13,382 - INFO - 進度: 141/503 - 分析 DE
2025-06-30 12:02:13,675 - INFO - 進度: 142/503 - 分析 DELL
2025-06-30 12:02:13,984 - INFO - 進度: 143/503 - 分析 DAL
2025-06-30 12:02:14,298 - INFO - 進度: 144/503 - 分析 DVN
2025-06-30 12:02:14,583 - INFO - 進度: 145/503 - 分析 DXCM
2025-06-30 12:02:14,983 - INFO - 進度: 146/503 - 分析 FANG
2025-06-30 12:02:15,297 - INFO - 進度: 147/503 - 分析 DLR
2025-06-30 12:02:15,579 - INFO - 進度: 148/503 - 分析 DG
2025-06-30 12:02:15,885 - INFO - 進度: 149/503 - 分析 DLTR
2025-06-30 12:02:16,216 - INFO - 進度: 150/503 - 分析 D
2025-06-30 12:02:16,486 - INFO - 進度: 151/503 - 分析 DPZ
2025-06-30 12:02:16,767 - INFO - 進度: 152/503 - 分析 DASH
2025-06-30 12:02:17,063 - INFO - 進度: 153/503 - 分析 DOV
2025-06-30 12:02:17,337 - INFO - 進度: 154/503 - 分析 DOW
2025-06-30 12:02:17,618 - INFO - 進度: 155/503 - 分析 DHI
2025-06-30 12:02:17,918 - INFO - 進度: 156/503 - 分析 DTE
2025-06-30 12:02:18,190 - INFO - 進度: 157/503 - 分析 DUK
2025-06-30 12:02:18,475 - INFO - 進度: 158/503 - 分析 DD
2025-06-30 12:02:18,752 - INFO - 進度: 159/503 - 分析 EMN
2025-06-30 12:02:19,037 - INFO - 進度: 160/503 - 分析 ETN
2025-06-30 12:02:19,334 - INFO - 進度: 161/503 - 分析 EBAY
2025-06-30 12:02:19,630 - INFO - 進度: 162/503 - 分析 ECL
2025-06-30 12:02:19,930 - INFO - 進度: 163/503 - 分析 EIX
2025-06-30 12:02:20,249 - INFO - 進度: 164/503 - 分析 EW
2025-06-30 12:02:20,530 - INFO - 進度: 165/503 - 分析 EA
2025-06-30 12:02:20,842 - INFO - 進度: 166/503 - 分析 ELV
2025-06-30 12:02:21,145 - INFO - 進度: 167/503 - 分析 EMR
2025-06-30 12:02:21,427 - INFO - 進度: 168/503 - 分析 ENPH
2025-06-30 12:02:21,764 - INFO - 進度: 169/503 - 分析 ETR
2025-06-30 12:02:22,033 - INFO - 進度: 170/503 - 分析 EOG
2025-06-30 12:02:22,349 - INFO - 進度: 171/503 - 分析 EPAM
2025-06-30 12:02:22,639 - INFO - 進度: 172/503 - 分析 EQT
2025-06-30 12:02:22,922 - INFO - 進度: 173/503 - 分析 EFX
2025-06-30 12:02:23,216 - INFO - 進度: 174/503 - 分析 EQIX
2025-06-30 12:02:23,533 - INFO - 進度: 175/503 - 分析 EQR
2025-06-30 12:02:23,801 - INFO - 進度: 176/503 - 分析 ERIE
2025-06-30 12:02:24,067 - INFO - 進度: 177/503 - 分析 ESS
2025-06-30 12:02:24,360 - INFO - 進度: 178/503 - 分析 EL
2025-06-30 12:02:24,667 - INFO - 進度: 179/503 - 分析 EG
2025-06-30 12:02:24,970 - INFO - 進度: 180/503 - 分析 EVRG
2025-06-30 12:02:25,265 - INFO - 進度: 181/503 - 分析 ES
2025-06-30 12:02:25,650 - INFO - 進度: 182/503 - 分析 EXC
2025-06-30 12:02:25,934 - INFO - 進度: 183/503 - 分析 EXE
2025-06-30 12:02:26,233 - INFO - 進度: 184/503 - 分析 EXPE
2025-06-30 12:02:26,506 - INFO - 進度: 185/503 - 分析 EXPD
2025-06-30 12:02:26,781 - INFO - 進度: 186/503 - 分析 EXR
2025-06-30 12:02:27,055 - INFO - 進度: 187/503 - 分析 XOM
2025-06-30 12:02:27,371 - INFO - 進度: 188/503 - 分析 FFIV
2025-06-30 12:02:27,666 - INFO - 進度: 189/503 - 分析 FDS
2025-06-30 12:02:27,986 - INFO - 進度: 190/503 - 分析 FICO
2025-06-30 12:02:28,329 - INFO - 進度: 191/503 - 分析 FAST
2025-06-30 12:02:28,604 - INFO - 進度: 192/503 - 分析 FRT
2025-06-30 12:02:28,873 - INFO - 進度: 193/503 - 分析 FDX
2025-06-30 12:02:29,175 - INFO - 進度: 194/503 - 分析 FIS
2025-06-30 12:02:29,450 - INFO - 進度: 195/503 - 分析 FITB
2025-06-30 12:02:29,737 - INFO - 進度: 196/503 - 分析 FSLR
2025-06-30 12:02:30,049 - INFO - 進度: 197/503 - 分析 FE
2025-06-30 12:02:30,333 - INFO - 進度: 198/503 - 分析 FI
2025-06-30 12:02:30,606 - INFO - 進度: 199/503 - 分析 F
2025-06-30 12:02:30,888 - INFO - 進度: 200/503 - 分析 FTNT
2025-06-30 12:02:31,184 - INFO - 進度: 201/503 - 分析 FTV
2025-06-30 12:02:31,455 - INFO - 進度: 202/503 - 分析 FOXA
2025-06-30 12:02:31,744 - INFO - 進度: 203/503 - 分析 FOX
2025-06-30 12:02:32,052 - INFO - 進度: 204/503 - 分析 BEN
2025-06-30 12:02:32,323 - INFO - 進度: 205/503 - 分析 FCX
2025-06-30 12:02:32,631 - INFO - 進度: 206/503 - 分析 GRMN
2025-06-30 12:02:32,924 - INFO - 進度: 207/503 - 分析 IT
2025-06-30 12:02:33,223 - INFO - 進度: 208/503 - 分析 GE
2025-06-30 12:02:33,537 - INFO - 進度: 209/503 - 分析 GEHC
2025-06-30 12:02:33,832 - INFO - 進度: 210/503 - 分析 GEV
2025-06-30 12:02:34,268 - INFO - 進度: 211/503 - 分析 GEN
2025-06-30 12:02:34,551 - INFO - 進度: 212/503 - 分析 GNRC
2025-06-30 12:02:34,871 - INFO - 進度: 213/503 - 分析 GD
2025-06-30 12:02:35,153 - INFO - 進度: 214/503 - 分析 GIS
2025-06-30 12:02:35,450 - INFO - 進度: 215/503 - 分析 GM
2025-06-30 12:02:35,775 - INFO - 進度: 216/503 - 分析 GPC
2025-06-30 12:02:36,052 - INFO - 進度: 217/503 - 分析 GILD
2025-06-30 12:02:36,367 - INFO - 進度: 218/503 - 分析 GPN
2025-06-30 12:02:36,637 - INFO - 進度: 219/503 - 分析 GL
2025-06-30 12:02:36,908 - INFO - 進度: 220/503 - 分析 GDDY
2025-06-30 12:02:37,191 - INFO - 進度: 221/503 - 分析 GS
2025-06-30 12:02:37,520 - INFO - 進度: 222/503 - 分析 HAL
2025-06-30 12:02:37,805 - INFO - 進度: 223/503 - 分析 HIG
2025-06-30 12:02:38,073 - INFO - 進度: 224/503 - 分析 HAS
2025-06-30 12:02:38,358 - INFO - 進度: 225/503 - 分析 HCA
2025-06-30 12:02:38,667 - INFO - 進度: 226/503 - 分析 DOC
2025-06-30 12:02:38,936 - INFO - 進度: 227/503 - 分析 HSIC
2025-06-30 12:02:39,207 - INFO - 進度: 228/503 - 分析 HSY
2025-06-30 12:02:39,484 - INFO - 進度: 229/503 - 分析 HES
2025-06-30 12:02:39,760 - INFO - 進度: 230/503 - 分析 HPE
2025-06-30 12:02:40,062 - INFO - 進度: 231/503 - 分析 HLT
2025-06-30 12:02:40,349 - INFO - 進度: 232/503 - 分析 HOLX
2025-06-30 12:02:40,648 - INFO - 進度: 233/503 - 分析 HD
2025-06-30 12:02:40,964 - INFO - 進度: 234/503 - 分析 HON
2025-06-30 12:02:41,255 - INFO - 進度: 235/503 - 分析 HRL
2025-06-30 12:02:41,570 - INFO - 進度: 236/503 - 分析 HST
2025-06-30 12:02:41,950 - INFO - 進度: 237/503 - 分析 HWM
2025-06-30 12:02:42,236 - INFO - 進度: 238/503 - 分析 HPQ
2025-06-30 12:02:42,516 - INFO - 進度: 239/503 - 分析 HUBB
2025-06-30 12:02:42,854 - INFO - 進度: 240/503 - 分析 HUM
2025-06-30 12:02:43,152 - INFO - 進度: 241/503 - 分析 HBAN
2025-06-30 12:02:43,467 - INFO - 進度: 242/503 - 分析 HII
2025-06-30 12:02:43,850 - INFO - 進度: 243/503 - 分析 IBM
2025-06-30 12:02:44,139 - INFO - 進度: 244/503 - 分析 IEX
2025-06-30 12:02:44,412 - INFO - 進度: 245/503 - 分析 IDXX
2025-06-30 12:02:44,713 - INFO - 進度: 246/503 - 分析 ITW
2025-06-30 12:02:44,974 - INFO - 進度: 247/503 - 分析 INCY
2025-06-30 12:02:45,256 - INFO - 進度: 248/503 - 分析 IR
2025-06-30 12:02:45,531 - INFO - 進度: 249/503 - 分析 PODD
2025-06-30 12:02:45,838 - INFO - 進度: 250/503 - 分析 INTC
2025-06-30 12:02:46,139 - INFO - 進度: 251/503 - 分析 ICE
2025-06-30 12:02:46,419 - INFO - 進度: 252/503 - 分析 IFF
2025-06-30 12:02:46,706 - INFO - 進度: 253/503 - 分析 IP
2025-06-30 12:02:46,987 - INFO - 進度: 254/503 - 分析 IPG
2025-06-30 12:02:47,286 - INFO - 進度: 255/503 - 分析 INTU
2025-06-30 12:02:47,618 - INFO - 進度: 256/503 - 分析 ISRG
2025-06-30 12:02:47,937 - INFO - 進度: 257/503 - 分析 IVZ
2025-06-30 12:02:48,234 - INFO - 進度: 258/503 - 分析 INVH
2025-06-30 12:02:48,517 - INFO - 進度: 259/503 - 分析 IQV
2025-06-30 12:02:48,804 - INFO - 進度: 260/503 - 分析 IRM
2025-06-30 12:02:49,102 - INFO - 進度: 261/503 - 分析 JBHT
2025-06-30 12:02:49,384 - INFO - 進度: 262/503 - 分析 JBL
2025-06-30 12:02:49,768 - INFO - 進度: 263/503 - 分析 JKHY
2025-06-30 12:02:50,037 - INFO - 進度: 264/503 - 分析 J
2025-06-30 12:02:50,322 - INFO - 進度: 265/503 - 分析 JNJ
2025-06-30 12:02:50,618 - INFO - 進度: 266/503 - 分析 JCI
2025-06-30 12:02:50,923 - INFO - 進度: 267/503 - 分析 JPM
2025-06-30 12:02:51,225 - INFO - 進度: 268/503 - 分析 JNPR
2025-06-30 12:02:51,503 - INFO - 進度: 269/503 - 分析 K
2025-06-30 12:02:51,784 - INFO - 進度: 270/503 - 分析 KVUE
2025-06-30 12:02:52,065 - INFO - 進度: 271/503 - 分析 KDP
2025-06-30 12:02:52,349 - INFO - 進度: 272/503 - 分析 KEY
2025-06-30 12:02:52,622 - INFO - 進度: 273/503 - 分析 KEYS
2025-06-30 12:02:52,904 - INFO - 進度: 274/503 - 分析 KMB
2025-06-30 12:02:53,193 - INFO - 進度: 275/503 - 分析 KIM
2025-06-30 12:02:53,482 - INFO - 進度: 276/503 - 分析 KMI
2025-06-30 12:02:53,769 - INFO - 進度: 277/503 - 分析 KKR
2025-06-30 12:02:54,081 - INFO - 進度: 278/503 - 分析 KLAC
2025-06-30 12:02:54,370 - INFO - 進度: 279/503 - 分析 KHC
2025-06-30 12:02:54,657 - INFO - 進度: 280/503 - 分析 KR
2025-06-30 12:02:54,940 - INFO - 進度: 281/503 - 分析 LHX
2025-06-30 12:02:55,237 - INFO - 進度: 282/503 - 分析 LH
2025-06-30 12:02:55,517 - INFO - 進度: 283/503 - 分析 LRCX
2025-06-30 12:02:55,835 - INFO - 進度: 284/503 - 分析 LW
2025-06-30 12:02:56,138 - INFO - 進度: 285/503 - 分析 LVS
2025-06-30 12:02:56,437 - INFO - 進度: 286/503 - 分析 LDOS
2025-06-30 12:02:56,717 - INFO - 進度: 287/503 - 分析 LEN
2025-06-30 12:02:57,023 - INFO - 進度: 288/503 - 分析 LII
2025-06-30 12:02:57,333 - INFO - 進度: 289/503 - 分析 LLY
2025-06-30 12:02:57,669 - INFO - 進度: 290/503 - 分析 LIN
2025-06-30 12:02:57,959 - INFO - 進度: 291/503 - 分析 LYV
2025-06-30 12:02:58,251 - INFO - 進度: 292/503 - 分析 LKQ
2025-06-30 12:02:58,527 - INFO - 進度: 293/503 - 分析 LMT
2025-06-30 12:02:58,847 - INFO - 進度: 294/503 - 分析 L
2025-06-30 12:02:59,121 - INFO - 進度: 295/503 - 分析 LOW
2025-06-30 12:02:59,413 - INFO - 進度: 296/503 - 分析 LULU
2025-06-30 12:02:59,739 - INFO - 進度: 297/503 - 分析 LYB
2025-06-30 12:03:00,017 - INFO - 進度: 298/503 - 分析 MTB
2025-06-30 12:03:00,313 - INFO - 進度: 299/503 - 分析 MPC
2025-06-30 12:03:00,614 - INFO - 進度: 300/503 - 分析 MKTX
2025-06-30 12:03:00,885 - INFO - 進度: 301/503 - 分析 MAR
2025-06-30 12:03:01,179 - INFO - 進度: 302/503 - 分析 MMC
2025-06-30 12:03:01,505 - INFO - 進度: 303/503 - 分析 MLM
2025-06-30 12:03:01,803 - INFO - 進度: 304/503 - 分析 MAS
2025-06-30 12:03:02,084 - INFO - 進度: 305/503 - 分析 MA
2025-06-30 12:03:02,400 - INFO - 進度: 306/503 - 分析 MTCH
2025-06-30 12:03:02,682 - INFO - 進度: 307/503 - 分析 MKC
2025-06-30 12:03:02,933 - INFO - 進度: 308/503 - 分析 MCD
2025-06-30 12:03:03,254 - INFO - 進度: 309/503 - 分析 MCK
2025-06-30 12:03:03,534 - INFO - 進度: 310/503 - 分析 MDT
2025-06-30 12:03:03,821 - INFO - 進度: 311/503 - 分析 MRK
2025-06-30 12:03:04,103 - INFO - 進度: 312/503 - 分析 META
2025-06-30 12:03:04,470 - INFO - 進度: 313/503 - 分析 MET
2025-06-30 12:03:04,802 - INFO - 進度: 314/503 - 分析 MTD
2025-06-30 12:03:05,105 - INFO - 進度: 315/503 - 分析 MGM
2025-06-30 12:03:05,396 - INFO - 進度: 316/503 - 分析 MCHP
2025-06-30 12:03:05,691 - INFO - 進度: 317/503 - 分析 MU
2025-06-30 12:03:06,000 - INFO - 進度: 318/503 - 分析 MSFT
2025-06-30 12:03:06,367 - INFO - 進度: 319/503 - 分析 MAA
2025-06-30 12:03:06,635 - INFO - 進度: 320/503 - 分析 MRNA
2025-06-30 12:03:06,958 - INFO - 進度: 321/503 - 分析 MHK
2025-06-30 12:03:07,231 - INFO - 進度: 322/503 - 分析 MOH
2025-06-30 12:03:07,514 - INFO - 進度: 323/503 - 分析 TAP
2025-06-30 12:03:07,792 - INFO - 進度: 324/503 - 分析 MDLZ
2025-06-30 12:03:08,085 - INFO - 進度: 325/503 - 分析 MPWR
2025-06-30 12:03:08,388 - INFO - 進度: 326/503 - 分析 MNST
2025-06-30 12:03:08,835 - INFO - 進度: 327/503 - 分析 MCO
2025-06-30 12:03:09,120 - INFO - 進度: 328/503 - 分析 MS
2025-06-30 12:03:09,424 - INFO - 進度: 329/503 - 分析 MOS
2025-06-30 12:03:09,707 - INFO - 進度: 330/503 - 分析 MSI
2025-06-30 12:03:10,019 - INFO - 進度: 331/503 - 分析 MSCI
2025-06-30 12:03:10,284 - INFO - 進度: 332/503 - 分析 NDAQ
2025-06-30 12:03:10,560 - INFO - 進度: 333/503 - 分析 NTAP
2025-06-30 12:03:10,883 - INFO - 進度: 334/503 - 分析 NFLX
2025-06-30 12:03:11,304 - INFO - 進度: 335/503 - 分析 NEM
2025-06-30 12:03:11,600 - INFO - 進度: 336/503 - 分析 NWSA
2025-06-30 12:03:11,884 - INFO - 進度: 337/503 - 分析 NWS
2025-06-30 12:03:12,166 - INFO - 進度: 338/503 - 分析 NEE
2025-06-30 12:03:12,450 - INFO - 進度: 339/503 - 分析 NKE
2025-06-30 12:03:12,752 - INFO - 進度: 340/503 - 分析 NI
2025-06-30 12:03:13,036 - INFO - 進度: 341/503 - 分析 NDSN
2025-06-30 12:03:13,320 - INFO - 進度: 342/503 - 分析 NSC
2025-06-30 12:03:13,619 - INFO - 進度: 343/503 - 分析 NTRS
2025-06-30 12:03:13,910 - INFO - 進度: 344/503 - 分析 NOC
2025-06-30 12:03:14,219 - INFO - 進度: 345/503 - 分析 NCLH
2025-06-30 12:03:14,515 - INFO - 進度: 346/503 - 分析 NRG
2025-06-30 12:03:14,807 - INFO - 進度: 347/503 - 分析 NUE
2025-06-30 12:03:15,102 - INFO - 進度: 348/503 - 分析 NVDA
2025-06-30 12:03:15,423 - INFO - 進度: 349/503 - 分析 NVR
2025-06-30 12:03:15,611 - INFO - 進度: 350/503 - 分析 NXPI
2025-06-30 12:03:15,943 - INFO - 進度: 351/503 - 分析 ORLY
2025-06-30 12:03:16,271 - INFO - 進度: 352/503 - 分析 OXY
2025-06-30 12:03:16,566 - INFO - 進度: 353/503 - 分析 ODFL
2025-06-30 12:03:16,857 - INFO - 進度: 354/503 - 分析 OMC
2025-06-30 12:03:17,154 - INFO - 進度: 355/503 - 分析 ON
2025-06-30 12:03:17,484 - INFO - 進度: 356/503 - 分析 OKE
2025-06-30 12:03:17,768 - INFO - 進度: 357/503 - 分析 ORCL
2025-06-30 12:03:18,108 - INFO - 進度: 358/503 - 分析 OTIS
2025-06-30 12:03:18,404 - INFO - 進度: 359/503 - 分析 PCAR
2025-06-30 12:03:18,676 - INFO - 進度: 360/503 - 分析 PKG
2025-06-30 12:03:18,954 - INFO - 進度: 361/503 - 分析 PLTR
2025-06-30 12:03:19,273 - INFO - 進度: 362/503 - 分析 PANW
2025-06-30 12:03:19,585 - INFO - 進度: 363/503 - 分析 PARA
2025-06-30 12:03:19,863 - INFO - 進度: 364/503 - 分析 PH
2025-06-30 12:03:20,146 - INFO - 進度: 365/503 - 分析 PAYX
2025-06-30 12:03:20,437 - INFO - 進度: 366/503 - 分析 PAYC
2025-06-30 12:03:20,698 - INFO - 進度: 367/503 - 分析 PYPL
2025-06-30 12:03:21,000 - INFO - 進度: 368/503 - 分析 PNR
2025-06-30 12:03:21,251 - INFO - 進度: 369/503 - 分析 PEP
2025-06-30 12:03:21,541 - INFO - 進度: 370/503 - 分析 PFE
2025-06-30 12:03:21,882 - INFO - 進度: 371/503 - 分析 PCG
2025-06-30 12:03:22,169 - INFO - 進度: 372/503 - 分析 PM
2025-06-30 12:03:22,458 - INFO - 進度: 373/503 - 分析 PSX
2025-06-30 12:03:22,747 - INFO - 進度: 374/503 - 分析 PNW
2025-06-30 12:03:23,014 - INFO - 進度: 375/503 - 分析 PNC
2025-06-30 12:03:23,290 - INFO - 進度: 376/503 - 分析 POOL
2025-06-30 12:03:23,583 - INFO - 進度: 377/503 - 分析 PPG
2025-06-30 12:03:23,868 - INFO - 進度: 378/503 - 分析 PPL
2025-06-30 12:03:24,156 - INFO - 進度: 379/503 - 分析 PFG
2025-06-30 12:03:24,436 - INFO - 進度: 380/503 - 分析 PG
2025-06-30 12:03:24,714 - INFO - 進度: 381/503 - 分析 PGR
2025-06-30 12:03:24,999 - INFO - 進度: 382/503 - 分析 PLD
2025-06-30 12:03:25,281 - INFO - 進度: 383/503 - 分析 PRU
2025-06-30 12:03:25,591 - INFO - 進度: 384/503 - 分析 PEG
2025-06-30 12:03:25,866 - INFO - 進度: 385/503 - 分析 PTC
2025-06-30 12:03:26,169 - INFO - 進度: 386/503 - 分析 PSA
2025-06-30 12:03:26,432 - INFO - 進度: 387/503 - 分析 PHM
2025-06-30 12:03:26,700 - INFO - 進度: 388/503 - 分析 PWR
2025-06-30 12:03:27,000 - INFO - 進度: 389/503 - 分析 QCOM
2025-06-30 12:03:27,300 - INFO - 進度: 390/503 - 分析 DGX
2025-06-30 12:03:27,585 - INFO - 進度: 391/503 - 分析 RL
2025-06-30 12:03:27,863 - INFO - 進度: 392/503 - 分析 RJF
2025-06-30 12:03:28,152 - INFO - 進度: 393/503 - 分析 RTX
2025-06-30 12:03:28,448 - INFO - 進度: 394/503 - 分析 O
2025-06-30 12:03:28,716 - INFO - 進度: 395/503 - 分析 REG
2025-06-30 12:03:29,000 - INFO - 進度: 396/503 - 分析 REGN
2025-06-30 12:03:29,299 - INFO - 進度: 397/503 - 分析 RF
2025-06-30 12:03:29,566 - INFO - 進度: 398/503 - 分析 RSG
2025-06-30 12:03:29,855 - INFO - 進度: 399/503 - 分析 RMD
2025-06-30 12:03:30,252 - INFO - 進度: 400/503 - 分析 RVTY
2025-06-30 12:03:30,508 - INFO - 進度: 401/503 - 分析 ROK
2025-06-30 12:03:30,822 - INFO - 進度: 402/503 - 分析 ROL
2025-06-30 12:03:31,099 - INFO - 進度: 403/503 - 分析 ROP
2025-06-30 12:03:31,382 - INFO - 進度: 404/503 - 分析 ROST
2025-06-30 12:03:31,672 - INFO - 進度: 405/503 - 分析 RCL
2025-06-30 12:03:31,985 - INFO - 進度: 406/503 - 分析 SPGI
2025-06-30 12:03:32,266 - INFO - 進度: 407/503 - 分析 CRM
2025-06-30 12:03:32,582 - INFO - 進度: 408/503 - 分析 SBAC
2025-06-30 12:03:32,847 - INFO - 進度: 409/503 - 分析 SLB
2025-06-30 12:03:33,137 - INFO - 進度: 410/503 - 分析 STX
2025-06-30 12:03:33,457 - INFO - 進度: 411/503 - 分析 SRE
2025-06-30 12:03:33,733 - INFO - 進度: 412/503 - 分析 NOW
2025-06-30 12:03:34,087 - INFO - 進度: 413/503 - 分析 SHW
2025-06-30 12:03:34,490 - INFO - 進度: 414/503 - 分析 SPG
2025-06-30 12:03:34,783 - INFO - 進度: 415/503 - 分析 SWKS
2025-06-30 12:03:35,066 - INFO - 進度: 416/503 - 分析 SJM
2025-06-30 12:03:35,357 - INFO - 進度: 417/503 - 分析 SW
2025-06-30 12:03:35,620 - INFO - 進度: 418/503 - 分析 SNA
2025-06-30 12:03:35,888 - INFO - 進度: 419/503 - 分析 SOLV
2025-06-30 12:03:36,156 - INFO - 進度: 420/503 - 分析 SO
2025-06-30 12:03:36,430 - INFO - 進度: 421/503 - 分析 LUV
2025-06-30 12:03:36,708 - INFO - 進度: 422/503 - 分析 SWK
2025-06-30 12:03:37,016 - INFO - 進度: 423/503 - 分析 SBUX
2025-06-30 12:03:37,317 - INFO - 進度: 424/503 - 分析 STT
2025-06-30 12:03:37,609 - INFO - 進度: 425/503 - 分析 STLD
2025-06-30 12:03:37,896 - INFO - 進度: 426/503 - 分析 STE
2025-06-30 12:03:38,167 - INFO - 進度: 427/503 - 分析 SYK
2025-06-30 12:03:38,435 - INFO - 進度: 428/503 - 分析 SMCI
2025-06-30 12:03:38,748 - INFO - 進度: 429/503 - 分析 SYF
2025-06-30 12:03:39,016 - INFO - 進度: 430/503 - 分析 SNPS
2025-06-30 12:03:39,315 - INFO - 進度: 431/503 - 分析 SYY
2025-06-30 12:03:39,583 - INFO - 進度: 432/503 - 分析 TMUS
2025-06-30 12:03:39,882 - INFO - 進度: 433/503 - 分析 TROW
2025-06-30 12:03:40,171 - INFO - 進度: 434/503 - 分析 TTWO
2025-06-30 12:03:40,456 - INFO - 進度: 435/503 - 分析 TPR
2025-06-30 12:03:40,739 - INFO - 進度: 436/503 - 分析 TRGP
2025-06-30 12:03:41,023 - INFO - 進度: 437/503 - 分析 TGT
2025-06-30 12:03:41,332 - INFO - 進度: 438/503 - 分析 TEL
2025-06-30 12:03:41,619 - INFO - 進度: 439/503 - 分析 TDY
2025-06-30 12:03:41,890 - INFO - 進度: 440/503 - 分析 TER
2025-06-30 12:03:42,204 - INFO - 進度: 441/503 - 分析 TSLA
2025-06-30 12:03:42,624 - INFO - 進度: 442/503 - 分析 TXN
2025-06-30 12:03:42,917 - INFO - 進度: 443/503 - 分析 TPL
2025-06-30 12:03:43,272 - INFO - 進度: 444/503 - 分析 TXT
2025-06-30 12:03:43,532 - INFO - 進度: 445/503 - 分析 TMO
2025-06-30 12:03:43,819 - INFO - 進度: 446/503 - 分析 TJX
2025-06-30 12:03:44,116 - INFO - 進度: 447/503 - 分析 TKO
2025-06-30 12:03:44,408 - INFO - 進度: 448/503 - 分析 TSCO
2025-06-30 12:03:44,707 - INFO - 進度: 449/503 - 分析 TT
2025-06-30 12:03:44,971 - INFO - 進度: 450/503 - 分析 TDG
2025-06-30 12:03:45,266 - INFO - 進度: 451/503 - 分析 TRV
2025-06-30 12:03:45,556 - INFO - 進度: 452/503 - 分析 TRMB
2025-06-30 12:03:45,838 - INFO - 進度: 453/503 - 分析 TFC
2025-06-30 12:03:46,116 - INFO - 進度: 454/503 - 分析 TYL
2025-06-30 12:03:46,398 - INFO - 進度: 455/503 - 分析 TSN
2025-06-30 12:03:46,690 - INFO - 進度: 456/503 - 分析 USB
2025-06-30 12:03:46,967 - INFO - 進度: 457/503 - 分析 UBER
2025-06-30 12:03:47,256 - INFO - 進度: 458/503 - 分析 UDR
2025-06-30 12:03:47,617 - INFO - 進度: 459/503 - 分析 ULTA
2025-06-30 12:03:47,932 - INFO - 進度: 460/503 - 分析 UNP
2025-06-30 12:03:48,200 - INFO - 進度: 461/503 - 分析 UAL
2025-06-30 12:03:48,492 - INFO - 進度: 462/503 - 分析 UPS
2025-06-30 12:03:48,800 - INFO - 進度: 463/503 - 分析 URI
2025-06-30 12:03:49,120 - INFO - 進度: 464/503 - 分析 UNH
2025-06-30 12:03:49,465 - INFO - 進度: 465/503 - 分析 UHS
2025-06-30 12:03:49,765 - INFO - 進度: 466/503 - 分析 VLO
2025-06-30 12:03:50,066 - INFO - 進度: 467/503 - 分析 VTR
2025-06-30 12:03:50,330 - INFO - 進度: 468/503 - 分析 VLTO
2025-06-30 12:03:50,631 - INFO - 進度: 469/503 - 分析 VRSN
2025-06-30 12:03:51,042 - INFO - 進度: 470/503 - 分析 VRSK
2025-06-30 12:03:51,324 - INFO - 進度: 471/503 - 分析 VZ
2025-06-30 12:03:51,604 - INFO - 進度: 472/503 - 分析 VRTX
2025-06-30 12:03:51,916 - INFO - 進度: 473/503 - 分析 VTRS
2025-06-30 12:03:52,197 - INFO - 進度: 474/503 - 分析 VICI
2025-06-30 12:03:52,458 - INFO - 進度: 475/503 - 分析 V
2025-06-30 12:03:52,883 - INFO - 進度: 476/503 - 分析 VST
2025-06-30 12:03:53,185 - INFO - 進度: 477/503 - 分析 VMC
2025-06-30 12:03:53,453 - INFO - 進度: 478/503 - 分析 WRB
2025-06-30 12:03:53,768 - INFO - 進度: 479/503 - 分析 GWW
2025-06-30 12:03:54,172 - INFO - 進度: 480/503 - 分析 WAB
2025-06-30 12:03:54,484 - INFO - 進度: 481/503 - 分析 WBA
2025-06-30 12:03:54,752 - INFO - 進度: 482/503 - 分析 WMT
2025-06-30 12:03:55,057 - INFO - 進度: 483/503 - 分析 DIS
2025-06-30 12:03:55,372 - INFO - 進度: 484/503 - 分析 WBD
2025-06-30 12:03:55,649 - INFO - 進度: 485/503 - 分析 WM
2025-06-30 12:03:55,942 - INFO - 進度: 486/503 - 分析 WAT
2025-06-30 12:03:56,229 - INFO - 進度: 487/503 - 分析 WEC
2025-06-30 12:03:56,499 - INFO - 進度: 488/503 - 分析 WFC
2025-06-30 12:03:56,797 - INFO - 進度: 489/503 - 分析 WELL
2025-06-30 12:03:57,058 - INFO - 進度: 490/503 - 分析 WST
2025-06-30 12:03:57,326 - INFO - 進度: 491/503 - 分析 WDC
2025-06-30 12:03:57,622 - INFO - 進度: 492/503 - 分析 WY
2025-06-30 12:03:57,910 - INFO - 進度: 493/503 - 分析 WSM
2025-06-30 12:03:58,201 - INFO - 進度: 494/503 - 分析 WMB
2025-06-30 12:03:58,484 - INFO - 進度: 495/503 - 分析 WTW
2025-06-30 12:03:58,755 - INFO - 進度: 496/503 - 分析 WDAY
2025-06-30 12:03:59,035 - INFO - 進度: 497/503 - 分析 WYNN
2025-06-30 12:03:59,316 - INFO - 進度: 498/503 - 分析 XEL
2025-06-30 12:03:59,598 - INFO - 進度: 499/503 - 分析 XYL
2025-06-30 12:03:59,857 - INFO - 進度: 500/503 - 分析 YUM
2025-06-30 12:04:00,134 - INFO - 進度: 501/503 - 分析 ZBRA
2025-06-30 12:04:00,432 - INFO - 進度: 502/503 - 分析 ZBH
2025-06-30 12:04:00,695 - INFO - 進度: 503/503 - 分析 ZTS
2025-06-30 12:04:01,002 - INFO - 正在獲取市場數據...
2025-06-30 12:04:22,465 - WARNING - stock_watchlist.json 不存在，將創建新文件
2025-06-30 12:04:22,466 - INFO - 成功更新 stock_watchlist.json，包含 50 支股票
2025-06-30 12:04:22,466 - INFO - 監控清單更新成功
2025-06-30 12:04:22,467 - INFO - 掃描完成！
2025-06-30 12:10:04,838 - INFO - 選擇權交易量追蹤器已初始化
2025-06-30 12:10:04,838 - INFO - 開始執行選擇權交易量掃描...
2025-06-30 12:10:04,838 - INFO - 正在獲取S&P 500股票列表...
2025-06-30 12:10:05,624 - INFO - 成功獲取 503 支S&P 500股票
2025-06-30 12:10:05,624 - INFO - 正在分析 503 支股票的選擇權交易量...
2025-06-30 12:10:05,625 - INFO - 進度: 1/503 - 分析 MMM
2025-06-30 12:10:06,143 - INFO - 進度: 2/503 - 分析 AOS
2025-06-30 12:10:06,423 - INFO - 進度: 3/503 - 分析 ABT
2025-06-30 12:10:06,723 - INFO - 進度: 4/503 - 分析 ABBV
2025-06-30 12:10:07,012 - INFO - 進度: 5/503 - 分析 ACN
2025-06-30 12:10:07,326 - INFO - 進度: 6/503 - 分析 ADBE
2025-06-30 12:10:07,638 - INFO - 進度: 7/503 - 分析 AMD
2025-06-30 12:10:07,956 - INFO - 進度: 8/503 - 分析 AES
2025-06-30 12:10:08,227 - INFO - 進度: 9/503 - 分析 AFL
2025-06-30 12:10:08,520 - INFO - 進度: 10/503 - 分析 A
2025-06-30 12:10:08,819 - INFO - 進度: 11/503 - 分析 APD
2025-06-30 12:10:09,086 - INFO - 進度: 12/503 - 分析 ABNB
2025-06-30 12:10:09,402 - INFO - 進度: 13/503 - 分析 AKAM
2025-06-30 12:10:09,705 - INFO - 進度: 14/503 - 分析 ALB
2025-06-30 12:10:10,116 - INFO - 進度: 15/503 - 分析 ARE
2025-06-30 12:10:10,407 - INFO - 進度: 16/503 - 分析 ALGN
2025-06-30 12:10:10,696 - INFO - 進度: 17/503 - 分析 ALLE
2025-06-30 12:10:10,970 - INFO - 進度: 18/503 - 分析 LNT
2025-06-30 12:10:11,241 - INFO - 進度: 19/503 - 分析 ALL
2025-06-30 12:10:11,524 - INFO - 進度: 20/503 - 分析 GOOGL
2025-06-30 12:10:11,814 - INFO - 進度: 21/503 - 分析 GOOG
2025-06-30 12:10:12,118 - INFO - 進度: 22/503 - 分析 MO
2025-06-30 12:10:12,409 - INFO - 進度: 23/503 - 分析 AMZN
2025-06-30 12:10:12,729 - INFO - 進度: 24/503 - 分析 AMCR
2025-06-30 12:10:13,000 - INFO - 進度: 25/503 - 分析 AEE
2025-06-30 12:10:13,251 - INFO - 進度: 26/503 - 分析 AEP
2025-06-30 12:10:13,547 - INFO - 進度: 27/503 - 分析 AXP
2025-06-30 12:10:13,867 - INFO - 進度: 28/503 - 分析 AIG
2025-06-30 12:10:14,158 - INFO - 進度: 29/503 - 分析 AMT
2025-06-30 12:10:14,434 - INFO - 進度: 30/503 - 分析 AWK
2025-06-30 12:10:14,705 - INFO - 進度: 31/503 - 分析 AMP
2025-06-30 12:10:14,978 - INFO - 進度: 32/503 - 分析 AME
2025-06-30 12:10:15,242 - INFO - 進度: 33/503 - 分析 AMGN
2025-06-30 12:10:15,528 - INFO - 進度: 34/503 - 分析 APH
2025-06-30 12:10:15,822 - INFO - 進度: 35/503 - 分析 ADI
2025-06-30 12:10:16,106 - INFO - 進度: 36/503 - 分析 ANSS
2025-06-30 12:10:16,396 - INFO - 進度: 37/503 - 分析 AON
2025-06-30 12:10:16,702 - INFO - 進度: 38/503 - 分析 APA
2025-06-30 12:10:16,991 - INFO - 進度: 39/503 - 分析 APO
2025-06-30 12:10:17,342 - INFO - 進度: 40/503 - 分析 AAPL
2025-06-30 12:10:17,649 - INFO - 進度: 41/503 - 分析 AMAT
2025-06-30 12:10:17,955 - INFO - 進度: 42/503 - 分析 APTV
2025-06-30 12:10:18,259 - INFO - 進度: 43/503 - 分析 ACGL
2025-06-30 12:10:18,520 - INFO - 進度: 44/503 - 分析 ADM
2025-06-30 12:10:18,809 - INFO - 進度: 45/503 - 分析 ANET
2025-06-30 12:10:19,118 - INFO - 進度: 46/503 - 分析 AJG
2025-06-30 12:10:19,414 - INFO - 進度: 47/503 - 分析 AIZ
2025-06-30 12:10:19,672 - INFO - 進度: 48/503 - 分析 T
2025-06-30 12:10:19,963 - INFO - 進度: 49/503 - 分析 ATO
2025-06-30 12:10:20,242 - INFO - 進度: 50/503 - 分析 ADSK
2025-06-30 12:10:20,535 - INFO - 進度: 51/503 - 分析 ADP
2025-06-30 12:10:20,812 - INFO - 進度: 52/503 - 分析 AZO
2025-06-30 12:10:21,127 - INFO - 進度: 53/503 - 分析 AVB
2025-06-30 12:10:21,404 - INFO - 進度: 54/503 - 分析 AVY
2025-06-30 12:10:21,709 - INFO - 進度: 55/503 - 分析 AXON
2025-06-30 12:10:22,024 - INFO - 進度: 56/503 - 分析 BKR
2025-06-30 12:10:22,303 - INFO - 進度: 57/503 - 分析 BALL
2025-06-30 12:10:22,671 - INFO - 進度: 58/503 - 分析 BAC
2025-06-30 12:10:23,046 - INFO - 進度: 59/503 - 分析 BAX
2025-06-30 12:10:23,330 - INFO - 進度: 60/503 - 分析 BDX
2025-06-30 12:10:23,617 - INFO - 進度: 61/503 - 分析 BRK.B
2025-06-30 12:10:23,794 - INFO - 進度: 62/503 - 分析 BBY
2025-06-30 12:10:24,075 - INFO - 進度: 63/503 - 分析 TECH
2025-06-30 12:10:24,341 - INFO - 進度: 64/503 - 分析 BIIB
2025-06-30 12:10:24,629 - INFO - 進度: 65/503 - 分析 BLK
2025-06-30 12:10:24,970 - INFO - 進度: 66/503 - 分析 BX
2025-06-30 12:10:25,263 - INFO - 進度: 67/503 - 分析 BK
2025-06-30 12:10:25,552 - INFO - 進度: 68/503 - 分析 BA
2025-06-30 12:10:25,858 - INFO - 進度: 69/503 - 分析 BKNG
2025-06-30 12:10:26,216 - INFO - 進度: 70/503 - 分析 BSX
2025-06-30 12:10:26,496 - INFO - 進度: 71/503 - 分析 BMY
2025-06-30 12:10:26,786 - INFO - 進度: 72/503 - 分析 AVGO
2025-06-30 12:10:27,085 - INFO - 進度: 73/503 - 分析 BR
2025-06-30 12:10:27,353 - INFO - 進度: 74/503 - 分析 BRO
2025-06-30 12:10:27,621 - INFO - 進度: 75/503 - 分析 BF.B
2025-06-30 12:10:27,803 - INFO - 進度: 76/503 - 分析 BLDR
2025-06-30 12:10:28,076 - INFO - 進度: 77/503 - 分析 BG
2025-06-30 12:10:28,363 - INFO - 進度: 78/503 - 分析 BXP
2025-06-30 12:10:28,649 - INFO - 進度: 79/503 - 分析 CHRW
2025-06-30 12:10:28,936 - INFO - 進度: 80/503 - 分析 CDNS
2025-06-30 12:10:29,237 - INFO - 進度: 81/503 - 分析 CZR
2025-06-30 12:10:29,546 - INFO - 進度: 82/503 - 分析 CPT
2025-06-30 12:10:29,850 - INFO - 進度: 83/503 - 分析 CPB
2025-06-30 12:10:30,131 - INFO - 進度: 84/503 - 分析 COF
2025-06-30 12:10:30,417 - INFO - 進度: 85/503 - 分析 CAH
2025-06-30 12:10:30,702 - INFO - 進度: 86/503 - 分析 KMX
2025-06-30 12:10:30,993 - INFO - 進度: 87/503 - 分析 CCL
2025-06-30 12:10:31,268 - INFO - 進度: 88/503 - 分析 CARR
2025-06-30 12:10:31,533 - INFO - 進度: 89/503 - 分析 CAT
2025-06-30 12:10:31,836 - INFO - 進度: 90/503 - 分析 CBOE
2025-06-30 12:10:32,120 - INFO - 進度: 91/503 - 分析 CBRE
2025-06-30 12:10:32,388 - INFO - 進度: 92/503 - 分析 CDW
2025-06-30 12:10:32,656 - INFO - 進度: 93/503 - 分析 COR
2025-06-30 12:10:32,918 - INFO - 進度: 94/503 - 分析 CNC
2025-06-30 12:10:33,247 - INFO - 進度: 95/503 - 分析 CNP
2025-06-30 12:10:33,506 - INFO - 進度: 96/503 - 分析 CF
2025-06-30 12:10:33,889 - INFO - 進度: 97/503 - 分析 CRL
2025-06-30 12:10:34,160 - INFO - 進度: 98/503 - 分析 SCHW
2025-06-30 12:10:34,444 - INFO - 進度: 99/503 - 分析 CHTR
2025-06-30 12:10:34,735 - INFO - 進度: 100/503 - 分析 CVX
2025-06-30 12:10:35,032 - INFO - 進度: 101/503 - 分析 CMG
2025-06-30 12:10:35,317 - INFO - 進度: 102/503 - 分析 CB
2025-06-30 12:10:35,632 - INFO - 進度: 103/503 - 分析 CHD
2025-06-30 12:10:35,906 - INFO - 進度: 104/503 - 分析 CI
2025-06-30 12:10:36,210 - INFO - 進度: 105/503 - 分析 CINF
2025-06-30 12:10:36,481 - INFO - 進度: 106/503 - 分析 CTAS
2025-06-30 12:10:36,761 - INFO - 進度: 107/503 - 分析 CSCO
2025-06-30 12:10:37,162 - INFO - 進度: 108/503 - 分析 C
2025-06-30 12:10:37,474 - INFO - 進度: 109/503 - 分析 CFG
2025-06-30 12:10:37,767 - INFO - 進度: 110/503 - 分析 CLX
2025-06-30 12:10:38,057 - INFO - 進度: 111/503 - 分析 CME
2025-06-30 12:10:38,335 - INFO - 進度: 112/503 - 分析 CMS
2025-06-30 12:10:38,599 - INFO - 進度: 113/503 - 分析 KO
2025-06-30 12:10:38,891 - INFO - 進度: 114/503 - 分析 CTSH
2025-06-30 12:10:39,186 - INFO - 進度: 115/503 - 分析 COIN
2025-06-30 12:10:39,537 - INFO - 進度: 116/503 - 分析 CL
2025-06-30 12:10:39,817 - INFO - 進度: 117/503 - 分析 CMCSA
2025-06-30 12:10:40,086 - INFO - 進度: 118/503 - 分析 CAG
2025-06-30 12:10:40,381 - INFO - 進度: 119/503 - 分析 COP
2025-06-30 12:10:40,675 - INFO - 進度: 120/503 - 分析 ED
2025-06-30 12:10:40,955 - INFO - 進度: 121/503 - 分析 STZ
2025-06-30 12:10:41,295 - INFO - 進度: 122/503 - 分析 CEG
2025-06-30 12:10:41,583 - INFO - 進度: 123/503 - 分析 COO
2025-06-30 12:10:41,859 - INFO - 進度: 124/503 - 分析 CPRT
2025-06-30 12:10:42,143 - INFO - 進度: 125/503 - 分析 GLW
2025-06-30 12:10:42,541 - INFO - 進度: 126/503 - 分析 CPAY
2025-06-30 12:10:42,816 - INFO - 進度: 127/503 - 分析 CTVA
2025-06-30 12:10:43,095 - INFO - 進度: 128/503 - 分析 CSGP
2025-06-30 12:10:43,389 - INFO - 進度: 129/503 - 分析 COST
2025-06-30 12:10:43,720 - INFO - 進度: 130/503 - 分析 CTRA
2025-06-30 12:10:44,000 - INFO - 進度: 131/503 - 分析 CRWD
2025-06-30 12:10:44,338 - INFO - 進度: 132/503 - 分析 CCI
2025-06-30 12:10:44,622 - INFO - 進度: 133/503 - 分析 CSX
2025-06-30 12:10:44,892 - INFO - 進度: 134/503 - 分析 CMI
2025-06-30 12:10:45,160 - INFO - 進度: 135/503 - 分析 CVS
2025-06-30 12:10:45,442 - INFO - 進度: 136/503 - 分析 DHR
2025-06-30 12:10:45,713 - INFO - 進度: 137/503 - 分析 DRI
2025-06-30 12:10:46,003 - INFO - 進度: 138/503 - 分析 DVA
2025-06-30 12:10:46,289 - INFO - 進度: 139/503 - 分析 DAY
2025-06-30 12:10:46,556 - INFO - 進度: 140/503 - 分析 DECK
2025-06-30 12:10:46,839 - INFO - 進度: 141/503 - 分析 DE
2025-06-30 12:10:47,148 - INFO - 進度: 142/503 - 分析 DELL
2025-06-30 12:10:47,454 - INFO - 進度: 143/503 - 分析 DAL
2025-06-30 12:10:47,742 - INFO - 進度: 144/503 - 分析 DVN
2025-06-30 12:10:48,052 - INFO - 進度: 145/503 - 分析 DXCM
2025-06-30 12:10:48,358 - INFO - 進度: 146/503 - 分析 FANG
2025-06-30 12:10:48,641 - INFO - 進度: 147/503 - 分析 DLR
2025-06-30 12:10:48,931 - INFO - 進度: 148/503 - 分析 DG
2025-06-30 12:10:49,243 - INFO - 進度: 149/503 - 分析 DLTR
2025-06-30 12:10:49,542 - INFO - 進度: 150/503 - 分析 D
2025-06-30 12:10:49,824 - INFO - 進度: 151/503 - 分析 DPZ
2025-06-30 12:10:50,105 - INFO - 進度: 152/503 - 分析 DASH
2025-06-30 12:10:50,399 - INFO - 進度: 153/503 - 分析 DOV
2025-06-30 12:10:50,681 - INFO - 進度: 154/503 - 分析 DOW
2025-06-30 12:10:50,980 - INFO - 進度: 155/503 - 分析 DHI
2025-06-30 12:10:51,270 - INFO - 進度: 156/503 - 分析 DTE
2025-06-30 12:10:51,548 - INFO - 進度: 157/503 - 分析 DUK
2025-06-30 12:10:51,829 - INFO - 進度: 158/503 - 分析 DD
2025-06-30 12:10:52,112 - INFO - 進度: 159/503 - 分析 EMN
2025-06-30 12:10:52,383 - INFO - 進度: 160/503 - 分析 ETN
2025-06-30 12:10:52,789 - INFO - 進度: 161/503 - 分析 EBAY
2025-06-30 12:10:53,076 - INFO - 進度: 162/503 - 分析 ECL
2025-06-30 12:10:53,361 - INFO - 進度: 163/503 - 分析 EIX
2025-06-30 12:10:53,641 - INFO - 進度: 164/503 - 分析 EW
2025-06-30 12:10:53,925 - INFO - 進度: 165/503 - 分析 EA
2025-06-30 12:10:54,210 - INFO - 進度: 166/503 - 分析 ELV
2025-06-30 12:10:54,502 - INFO - 進度: 167/503 - 分析 EMR
2025-06-30 12:10:54,787 - INFO - 進度: 168/503 - 分析 ENPH
2025-06-30 12:10:55,105 - INFO - 進度: 169/503 - 分析 ETR
2025-06-30 12:10:55,378 - INFO - 進度: 170/503 - 分析 EOG
2025-06-30 12:10:55,683 - INFO - 進度: 171/503 - 分析 EPAM
2025-06-30 12:10:55,963 - INFO - 進度: 172/503 - 分析 EQT
2025-06-30 12:10:56,249 - INFO - 進度: 173/503 - 分析 EFX
2025-06-30 12:10:56,548 - INFO - 進度: 174/503 - 分析 EQIX
2025-06-30 12:10:56,888 - INFO - 進度: 175/503 - 分析 EQR
2025-06-30 12:10:57,161 - INFO - 進度: 176/503 - 分析 ERIE
2025-06-30 12:10:57,442 - INFO - 進度: 177/503 - 分析 ESS
2025-06-30 12:10:57,740 - INFO - 進度: 178/503 - 分析 EL
2025-06-30 12:10:58,046 - INFO - 進度: 179/503 - 分析 EG
2025-06-30 12:10:58,363 - INFO - 進度: 180/503 - 分析 EVRG
2025-06-30 12:10:58,628 - INFO - 進度: 181/503 - 分析 ES
2025-06-30 12:10:58,901 - INFO - 進度: 182/503 - 分析 EXC
2025-06-30 12:10:59,192 - INFO - 進度: 183/503 - 分析 EXE
2025-06-30 12:10:59,468 - INFO - 進度: 184/503 - 分析 EXPE
2025-06-30 12:10:59,758 - INFO - 進度: 185/503 - 分析 EXPD
2025-06-30 12:11:00,032 - INFO - 進度: 186/503 - 分析 EXR
2025-06-30 12:11:00,298 - INFO - 進度: 187/503 - 分析 XOM
2025-06-30 12:11:00,614 - INFO - 進度: 188/503 - 分析 FFIV
2025-06-30 12:11:00,928 - INFO - 進度: 189/503 - 分析 FDS
2025-06-30 12:11:01,311 - INFO - 進度: 190/503 - 分析 FICO
2025-06-30 12:11:01,636 - INFO - 進度: 191/503 - 分析 FAST
2025-06-30 12:11:01,931 - INFO - 進度: 192/503 - 分析 FRT
2025-06-30 12:11:02,196 - INFO - 進度: 193/503 - 分析 FDX
2025-06-30 12:11:02,619 - INFO - 進度: 194/503 - 分析 FIS
2025-06-30 12:11:02,894 - INFO - 進度: 195/503 - 分析 FITB
2025-06-30 12:11:03,164 - INFO - 進度: 196/503 - 分析 FSLR
2025-06-30 12:11:03,473 - INFO - 進度: 197/503 - 分析 FE
2025-06-30 12:11:03,768 - INFO - 進度: 198/503 - 分析 FI
2025-06-30 12:11:04,048 - INFO - 進度: 199/503 - 分析 F
2025-06-30 12:11:04,328 - INFO - 進度: 200/503 - 分析 FTNT
2025-06-30 12:11:04,616 - INFO - 進度: 201/503 - 分析 FTV
2025-06-30 12:11:04,889 - INFO - 進度: 202/503 - 分析 FOXA
2025-06-30 12:11:05,183 - INFO - 進度: 203/503 - 分析 FOX
2025-06-30 12:11:05,463 - INFO - 進度: 204/503 - 分析 BEN
2025-06-30 12:11:05,749 - INFO - 進度: 205/503 - 分析 FCX
2025-06-30 12:11:06,044 - INFO - 進度: 206/503 - 分析 GRMN
2025-06-30 12:11:06,321 - INFO - 進度: 207/503 - 分析 IT
2025-06-30 12:11:06,589 - INFO - 進度: 208/503 - 分析 GE
2025-06-30 12:11:06,864 - INFO - 進度: 209/503 - 分析 GEHC
2025-06-30 12:11:07,166 - INFO - 進度: 210/503 - 分析 GEV
2025-06-30 12:11:07,516 - INFO - 進度: 211/503 - 分析 GEN
2025-06-30 12:11:07,828 - INFO - 進度: 212/503 - 分析 GNRC
2025-06-30 12:11:08,115 - INFO - 進度: 213/503 - 分析 GD
2025-06-30 12:11:08,405 - INFO - 進度: 214/503 - 分析 GIS
2025-06-30 12:11:08,681 - INFO - 進度: 215/503 - 分析 GM
2025-06-30 12:11:08,967 - INFO - 進度: 216/503 - 分析 GPC
2025-06-30 12:11:09,242 - INFO - 進度: 217/503 - 分析 GILD
2025-06-30 12:11:09,539 - INFO - 進度: 218/503 - 分析 GPN
2025-06-30 12:11:09,810 - INFO - 進度: 219/503 - 分析 GL
2025-06-30 12:11:10,075 - INFO - 進度: 220/503 - 分析 GDDY
2025-06-30 12:11:10,348 - INFO - 進度: 221/503 - 分析 GS
2025-06-30 12:11:10,701 - INFO - 進度: 222/503 - 分析 HAL
2025-06-30 12:11:11,015 - INFO - 進度: 223/503 - 分析 HIG
2025-06-30 12:11:11,379 - INFO - 進度: 224/503 - 分析 HAS
2025-06-30 12:11:11,656 - INFO - 進度: 225/503 - 分析 HCA
2025-06-30 12:11:11,980 - INFO - 進度: 226/503 - 分析 DOC
2025-06-30 12:11:12,250 - INFO - 進度: 227/503 - 分析 HSIC
2025-06-30 12:11:12,515 - INFO - 進度: 228/503 - 分析 HSY
2025-06-30 12:11:12,815 - INFO - 進度: 229/503 - 分析 HES
2025-06-30 12:11:13,100 - INFO - 進度: 230/503 - 分析 HPE
2025-06-30 12:11:13,387 - INFO - 進度: 231/503 - 分析 HLT
2025-06-30 12:11:13,666 - INFO - 進度: 232/503 - 分析 HOLX
2025-06-30 12:11:13,938 - INFO - 進度: 233/503 - 分析 HD
2025-06-30 12:11:14,245 - INFO - 進度: 234/503 - 分析 HON
2025-06-30 12:11:14,532 - INFO - 進度: 235/503 - 分析 HRL
2025-06-30 12:11:14,819 - INFO - 進度: 236/503 - 分析 HST
2025-06-30 12:11:15,149 - INFO - 進度: 237/503 - 分析 HWM
2025-06-30 12:11:15,432 - INFO - 進度: 238/503 - 分析 HPQ
2025-06-30 12:11:15,731 - INFO - 進度: 239/503 - 分析 HUBB
2025-06-30 12:11:16,000 - INFO - 進度: 240/503 - 分析 HUM
2025-06-30 12:11:16,299 - INFO - 進度: 241/503 - 分析 HBAN
2025-06-30 12:11:16,587 - INFO - 進度: 242/503 - 分析 HII
2025-06-30 12:11:16,866 - INFO - 進度: 243/503 - 分析 IBM
2025-06-30 12:11:17,156 - INFO - 進度: 244/503 - 分析 IEX
2025-06-30 12:11:17,438 - INFO - 進度: 245/503 - 分析 IDXX
2025-06-30 12:11:17,733 - INFO - 進度: 246/503 - 分析 ITW
2025-06-30 12:11:17,999 - INFO - 進度: 247/503 - 分析 INCY
2025-06-30 12:11:18,297 - INFO - 進度: 248/503 - 分析 IR
2025-06-30 12:11:18,565 - INFO - 進度: 249/503 - 分析 PODD
2025-06-30 12:11:18,867 - INFO - 進度: 250/503 - 分析 INTC
2025-06-30 12:11:19,157 - INFO - 進度: 251/503 - 分析 ICE
2025-06-30 12:11:19,433 - INFO - 進度: 252/503 - 分析 IFF
2025-06-30 12:11:19,705 - INFO - 進度: 253/503 - 分析 IP
2025-06-30 12:11:19,986 - INFO - 進度: 254/503 - 分析 IPG
2025-06-30 12:11:20,282 - INFO - 進度: 255/503 - 分析 INTU
2025-06-30 12:11:20,589 - INFO - 進度: 256/503 - 分析 ISRG
2025-06-30 12:11:21,034 - INFO - 進度: 257/503 - 分析 IVZ
2025-06-30 12:11:21,331 - INFO - 進度: 258/503 - 分析 INVH
2025-06-30 12:11:21,634 - INFO - 進度: 259/503 - 分析 IQV
2025-06-30 12:11:21,924 - INFO - 進度: 260/503 - 分析 IRM
2025-06-30 12:11:22,202 - INFO - 進度: 261/503 - 分析 JBHT
2025-06-30 12:11:22,480 - INFO - 進度: 262/503 - 分析 JBL
2025-06-30 12:11:22,773 - INFO - 進度: 263/503 - 分析 JKHY
2025-06-30 12:11:23,047 - INFO - 進度: 264/503 - 分析 J
2025-06-30 12:11:23,334 - INFO - 進度: 265/503 - 分析 JNJ
2025-06-30 12:11:23,601 - INFO - 進度: 266/503 - 分析 JCI
2025-06-30 12:11:23,874 - INFO - 進度: 267/503 - 分析 JPM
2025-06-30 12:11:24,199 - INFO - 進度: 268/503 - 分析 JNPR
2025-06-30 12:11:24,468 - INFO - 進度: 269/503 - 分析 K
2025-06-30 12:11:24,750 - INFO - 進度: 270/503 - 分析 KVUE
2025-06-30 12:11:25,048 - INFO - 進度: 271/503 - 分析 KDP
2025-06-30 12:11:25,325 - INFO - 進度: 272/503 - 分析 KEY
2025-06-30 12:11:25,599 - INFO - 進度: 273/503 - 分析 KEYS
2025-06-30 12:11:25,878 - INFO - 進度: 274/503 - 分析 KMB
2025-06-30 12:11:26,163 - INFO - 進度: 275/503 - 分析 KIM
2025-06-30 12:11:26,448 - INFO - 進度: 276/503 - 分析 KMI
2025-06-30 12:11:26,733 - INFO - 進度: 277/503 - 分析 KKR
2025-06-30 12:11:27,075 - INFO - 進度: 278/503 - 分析 KLAC
2025-06-30 12:11:27,370 - INFO - 進度: 279/503 - 分析 KHC
2025-06-30 12:11:27,649 - INFO - 進度: 280/503 - 分析 KR
2025-06-30 12:11:27,935 - INFO - 進度: 281/503 - 分析 LHX
2025-06-30 12:11:28,226 - INFO - 進度: 282/503 - 分析 LH
2025-06-30 12:11:28,487 - INFO - 進度: 283/503 - 分析 LRCX
2025-06-30 12:11:28,791 - INFO - 進度: 284/503 - 分析 LW
2025-06-30 12:11:29,185 - INFO - 進度: 285/503 - 分析 LVS
2025-06-30 12:11:29,486 - INFO - 進度: 286/503 - 分析 LDOS
2025-06-30 12:11:29,767 - INFO - 進度: 287/503 - 分析 LEN
2025-06-30 12:11:30,067 - INFO - 進度: 288/503 - 分析 LII
2025-06-30 12:11:30,338 - INFO - 進度: 289/503 - 分析 LLY
2025-06-30 12:11:30,666 - INFO - 進度: 290/503 - 分析 LIN
2025-06-30 12:11:30,967 - INFO - 進度: 291/503 - 分析 LYV
2025-06-30 12:11:31,246 - INFO - 進度: 292/503 - 分析 LKQ
2025-06-30 12:11:31,519 - INFO - 進度: 293/503 - 分析 LMT
2025-06-30 12:11:31,838 - INFO - 進度: 294/503 - 分析 L
2025-06-30 12:11:32,105 - INFO - 進度: 295/503 - 分析 LOW
2025-06-30 12:11:32,390 - INFO - 進度: 296/503 - 分析 LULU
2025-06-30 12:11:32,701 - INFO - 進度: 297/503 - 分析 LYB
2025-06-30 12:11:32,967 - INFO - 進度: 298/503 - 分析 MTB
2025-06-30 12:11:33,258 - INFO - 進度: 299/503 - 分析 MPC
2025-06-30 12:11:33,541 - INFO - 進度: 300/503 - 分析 MKTX
2025-06-30 12:11:33,812 - INFO - 進度: 301/503 - 分析 MAR
2025-06-30 12:11:34,190 - INFO - 進度: 302/503 - 分析 MMC
2025-06-30 12:11:34,472 - INFO - 進度: 303/503 - 分析 MLM
2025-06-30 12:11:34,760 - INFO - 進度: 304/503 - 分析 MAS
2025-06-30 12:11:35,041 - INFO - 進度: 305/503 - 分析 MA
2025-06-30 12:11:35,437 - INFO - 進度: 306/503 - 分析 MTCH
2025-06-30 12:11:35,721 - INFO - 進度: 307/503 - 分析 MKC
2025-06-30 12:11:35,990 - INFO - 進度: 308/503 - 分析 MCD
2025-06-30 12:11:36,289 - INFO - 進度: 309/503 - 分析 MCK
2025-06-30 12:11:36,582 - INFO - 進度: 310/503 - 分析 MDT
2025-06-30 12:11:36,866 - INFO - 進度: 311/503 - 分析 MRK
2025-06-30 12:11:37,149 - INFO - 進度: 312/503 - 分析 META
2025-06-30 12:11:37,501 - INFO - 進度: 313/503 - 分析 MET
2025-06-30 12:11:37,778 - INFO - 進度: 314/503 - 分析 MTD
2025-06-30 12:11:38,088 - INFO - 進度: 315/503 - 分析 MGM
2025-06-30 12:11:38,399 - INFO - 進度: 316/503 - 分析 MCHP
2025-06-30 12:11:38,689 - INFO - 進度: 317/503 - 分析 MU
2025-06-30 12:11:39,017 - INFO - 進度: 318/503 - 分析 MSFT
2025-06-30 12:11:39,341 - INFO - 進度: 319/503 - 分析 MAA
2025-06-30 12:11:39,615 - INFO - 進度: 320/503 - 分析 MRNA
2025-06-30 12:11:39,932 - INFO - 進度: 321/503 - 分析 MHK
2025-06-30 12:11:40,218 - INFO - 進度: 322/503 - 分析 MOH
2025-06-30 12:11:40,500 - INFO - 進度: 323/503 - 分析 TAP
2025-06-30 12:11:40,776 - INFO - 進度: 324/503 - 分析 MDLZ
2025-06-30 12:11:41,049 - INFO - 進度: 325/503 - 分析 MPWR
2025-06-30 12:11:41,332 - INFO - 進度: 326/503 - 分析 MNST
2025-06-30 12:11:41,607 - INFO - 進度: 327/503 - 分析 MCO
2025-06-30 12:11:41,899 - INFO - 進度: 328/503 - 分析 MS
2025-06-30 12:11:42,208 - INFO - 進度: 329/503 - 分析 MOS
2025-06-30 12:11:42,501 - INFO - 進度: 330/503 - 分析 MSI
2025-06-30 12:11:42,808 - INFO - 進度: 331/503 - 分析 MSCI
2025-06-30 12:11:43,188 - INFO - 進度: 332/503 - 分析 NDAQ
2025-06-30 12:11:43,480 - INFO - 進度: 333/503 - 分析 NTAP
2025-06-30 12:11:43,801 - INFO - 進度: 334/503 - 分析 NFLX
2025-06-30 12:11:44,198 - INFO - 進度: 335/503 - 分析 NEM
2025-06-30 12:11:44,483 - INFO - 進度: 336/503 - 分析 NWSA
2025-06-30 12:11:44,749 - INFO - 進度: 337/503 - 分析 NWS
2025-06-30 12:11:45,008 - INFO - 進度: 338/503 - 分析 NEE
2025-06-30 12:11:45,300 - INFO - 進度: 339/503 - 分析 NKE
2025-06-30 12:11:45,608 - INFO - 進度: 340/503 - 分析 NI
2025-06-30 12:11:45,883 - INFO - 進度: 341/503 - 分析 NDSN
2025-06-30 12:11:46,145 - INFO - 進度: 342/503 - 分析 NSC
2025-06-30 12:11:46,425 - INFO - 進度: 343/503 - 分析 NTRS
2025-06-30 12:11:46,729 - INFO - 進度: 344/503 - 分析 NOC
2025-06-30 12:11:47,030 - INFO - 進度: 345/503 - 分析 NCLH
2025-06-30 12:11:47,334 - INFO - 進度: 346/503 - 分析 NRG
2025-06-30 12:11:47,640 - INFO - 進度: 347/503 - 分析 NUE
2025-06-30 12:11:47,945 - INFO - 進度: 348/503 - 分析 NVDA
2025-06-30 12:11:48,267 - INFO - 進度: 349/503 - 分析 NVR
2025-06-30 12:11:48,459 - INFO - 進度: 350/503 - 分析 NXPI
2025-06-30 12:11:48,767 - INFO - 進度: 351/503 - 分析 ORLY
2025-06-30 12:11:49,089 - INFO - 進度: 352/503 - 分析 OXY
2025-06-30 12:11:49,386 - INFO - 進度: 353/503 - 分析 ODFL
2025-06-30 12:11:49,770 - INFO - 進度: 354/503 - 分析 OMC
2025-06-30 12:11:50,055 - INFO - 進度: 355/503 - 分析 ON
2025-06-30 12:11:50,356 - INFO - 進度: 356/503 - 分析 OKE
2025-06-30 12:11:50,640 - INFO - 進度: 357/503 - 分析 ORCL
2025-06-30 12:11:50,942 - INFO - 進度: 358/503 - 分析 OTIS
2025-06-30 12:11:51,217 - INFO - 進度: 359/503 - 分析 PCAR
2025-06-30 12:11:51,489 - INFO - 進度: 360/503 - 分析 PKG
2025-06-30 12:11:51,773 - INFO - 進度: 361/503 - 分析 PLTR
2025-06-30 12:11:52,085 - INFO - 進度: 362/503 - 分析 PANW
2025-06-30 12:11:52,378 - INFO - 進度: 363/503 - 分析 PARA
2025-06-30 12:11:52,666 - INFO - 進度: 364/503 - 分析 PH
2025-06-30 12:11:52,934 - INFO - 進度: 365/503 - 分析 PAYX
2025-06-30 12:11:53,217 - INFO - 進度: 366/503 - 分析 PAYC
2025-06-30 12:11:53,481 - INFO - 進度: 367/503 - 分析 PYPL
2025-06-30 12:11:53,769 - INFO - 進度: 368/503 - 分析 PNR
2025-06-30 12:11:54,027 - INFO - 進度: 369/503 - 分析 PEP
2025-06-30 12:11:54,356 - INFO - 進度: 370/503 - 分析 PFE
2025-06-30 12:11:54,630 - INFO - 進度: 371/503 - 分析 PCG
2025-06-30 12:11:54,901 - INFO - 進度: 372/503 - 分析 PM
2025-06-30 12:11:55,188 - INFO - 進度: 373/503 - 分析 PSX
2025-06-30 12:11:55,487 - INFO - 進度: 374/503 - 分析 PNW
2025-06-30 12:11:55,806 - INFO - 進度: 375/503 - 分析 PNC
2025-06-30 12:11:56,071 - INFO - 進度: 376/503 - 分析 POOL
2025-06-30 12:11:56,469 - INFO - 進度: 377/503 - 分析 PPG
2025-06-30 12:11:56,753 - INFO - 進度: 378/503 - 分析 PPL
2025-06-30 12:11:57,032 - INFO - 進度: 379/503 - 分析 PFG
2025-06-30 12:11:57,314 - INFO - 進度: 380/503 - 分析 PG
2025-06-30 12:11:57,692 - INFO - 進度: 381/503 - 分析 PGR
2025-06-30 12:11:57,985 - INFO - 進度: 382/503 - 分析 PLD
2025-06-30 12:11:58,259 - INFO - 進度: 383/503 - 分析 PRU
2025-06-30 12:11:58,533 - INFO - 進度: 384/503 - 分析 PEG
2025-06-30 12:11:58,811 - INFO - 進度: 385/503 - 分析 PTC
2025-06-30 12:11:59,207 - INFO - 進度: 386/503 - 分析 PSA
2025-06-30 12:11:59,484 - INFO - 進度: 387/503 - 分析 PHM
2025-06-30 12:11:59,775 - INFO - 進度: 388/503 - 分析 PWR
2025-06-30 12:12:00,065 - INFO - 進度: 389/503 - 分析 QCOM
2025-06-30 12:12:00,355 - INFO - 進度: 390/503 - 分析 DGX
2025-06-30 12:12:00,627 - INFO - 進度: 391/503 - 分析 RL
2025-06-30 12:12:00,932 - INFO - 進度: 392/503 - 分析 RJF
2025-06-30 12:12:01,202 - INFO - 進度: 393/503 - 分析 RTX
2025-06-30 12:12:01,516 - INFO - 進度: 394/503 - 分析 O
2025-06-30 12:12:01,794 - INFO - 進度: 395/503 - 分析 REG
2025-06-30 12:12:02,069 - INFO - 進度: 396/503 - 分析 REGN
2025-06-30 12:12:02,376 - INFO - 進度: 397/503 - 分析 RF
2025-06-30 12:12:02,635 - INFO - 進度: 398/503 - 分析 RSG
2025-06-30 12:12:02,932 - INFO - 進度: 399/503 - 分析 RMD
2025-06-30 12:12:03,222 - INFO - 進度: 400/503 - 分析 RVTY
2025-06-30 12:12:03,487 - INFO - 進度: 401/503 - 分析 ROK
2025-06-30 12:12:03,794 - INFO - 進度: 402/503 - 分析 ROL
2025-06-30 12:12:04,066 - INFO - 進度: 403/503 - 分析 ROP
2025-06-30 12:12:04,454 - INFO - 進度: 404/503 - 分析 ROST
2025-06-30 12:12:04,848 - INFO - 進度: 405/503 - 分析 RCL
2025-06-30 12:12:05,184 - INFO - 進度: 406/503 - 分析 SPGI
2025-06-30 12:12:05,451 - INFO - 進度: 407/503 - 分析 CRM
2025-06-30 12:12:05,762 - INFO - 進度: 408/503 - 分析 SBAC
2025-06-30 12:12:06,037 - INFO - 進度: 409/503 - 分析 SLB
2025-06-30 12:12:06,321 - INFO - 進度: 410/503 - 分析 STX
2025-06-30 12:12:06,636 - INFO - 進度: 411/503 - 分析 SRE
2025-06-30 12:12:06,926 - INFO - 進度: 412/503 - 分析 NOW
2025-06-30 12:12:07,269 - INFO - 進度: 413/503 - 分析 SHW
2025-06-30 12:12:07,552 - INFO - 進度: 414/503 - 分析 SPG
2025-06-30 12:12:07,846 - INFO - 進度: 415/503 - 分析 SWKS
2025-06-30 12:12:08,136 - INFO - 進度: 416/503 - 分析 SJM
2025-06-30 12:12:08,423 - INFO - 進度: 417/503 - 分析 SW
2025-06-30 12:12:08,697 - INFO - 進度: 418/503 - 分析 SNA
2025-06-30 12:12:08,957 - INFO - 進度: 419/503 - 分析 SOLV
2025-06-30 12:12:09,227 - INFO - 進度: 420/503 - 分析 SO
2025-06-30 12:12:09,488 - INFO - 進度: 421/503 - 分析 LUV
2025-06-30 12:12:09,753 - INFO - 進度: 422/503 - 分析 SWK
2025-06-30 12:12:10,062 - INFO - 進度: 423/503 - 分析 SBUX
2025-06-30 12:12:10,385 - INFO - 進度: 424/503 - 分析 STT
2025-06-30 12:12:10,733 - INFO - 進度: 425/503 - 分析 STLD
2025-06-30 12:12:11,090 - INFO - 進度: 426/503 - 分析 STE
2025-06-30 12:12:11,363 - INFO - 進度: 427/503 - 分析 SYK
2025-06-30 12:12:11,638 - INFO - 進度: 428/503 - 分析 SMCI
2025-06-30 12:12:11,952 - INFO - 進度: 429/503 - 分析 SYF
2025-06-30 12:12:12,253 - INFO - 進度: 430/503 - 分析 SNPS
2025-06-30 12:12:12,534 - INFO - 進度: 431/503 - 分析 SYY
2025-06-30 12:12:12,924 - INFO - 進度: 432/503 - 分析 TMUS
2025-06-30 12:12:13,231 - INFO - 進度: 433/503 - 分析 TROW
2025-06-30 12:12:13,519 - INFO - 進度: 434/503 - 分析 TTWO
2025-06-30 12:12:13,814 - INFO - 進度: 435/503 - 分析 TPR
2025-06-30 12:12:14,082 - INFO - 進度: 436/503 - 分析 TRGP
2025-06-30 12:12:14,384 - INFO - 進度: 437/503 - 分析 TGT
2025-06-30 12:12:14,691 - INFO - 進度: 438/503 - 分析 TEL
2025-06-30 12:12:14,971 - INFO - 進度: 439/503 - 分析 TDY
2025-06-30 12:12:15,233 - INFO - 進度: 440/503 - 分析 TER
2025-06-30 12:12:15,550 - INFO - 進度: 441/503 - 分析 TSLA
2025-06-30 12:12:15,983 - INFO - 進度: 442/503 - 分析 TXN
2025-06-30 12:12:16,338 - INFO - 進度: 443/503 - 分析 TPL
2025-06-30 12:12:16,720 - INFO - 進度: 444/503 - 分析 TXT
2025-06-30 12:12:17,106 - INFO - 進度: 445/503 - 分析 TMO
2025-06-30 12:12:17,407 - INFO - 進度: 446/503 - 分析 TJX
2025-06-30 12:12:17,702 - INFO - 進度: 447/503 - 分析 TKO
2025-06-30 12:12:18,033 - INFO - 進度: 448/503 - 分析 TSCO
2025-06-30 12:12:18,325 - INFO - 進度: 449/503 - 分析 TT
2025-06-30 12:12:18,589 - INFO - 進度: 450/503 - 分析 TDG
2025-06-30 12:12:18,878 - INFO - 進度: 451/503 - 分析 TRV
2025-06-30 12:12:19,177 - INFO - 進度: 452/503 - 分析 TRMB
2025-06-30 12:12:19,457 - INFO - 進度: 453/503 - 分析 TFC
2025-06-30 12:12:19,726 - INFO - 進度: 454/503 - 分析 TYL
2025-06-30 12:12:20,012 - INFO - 進度: 455/503 - 分析 TSN
2025-06-30 12:12:20,298 - INFO - 進度: 456/503 - 分析 USB
2025-06-30 12:12:20,584 - INFO - 進度: 457/503 - 分析 UBER
2025-06-30 12:12:20,875 - INFO - 進度: 458/503 - 分析 UDR
2025-06-30 12:12:21,139 - INFO - 進度: 459/503 - 分析 ULTA
2025-06-30 12:12:21,457 - INFO - 進度: 460/503 - 分析 UNP
2025-06-30 12:12:21,746 - INFO - 進度: 461/503 - 分析 UAL
2025-06-30 12:12:22,063 - INFO - 進度: 462/503 - 分析 UPS
2025-06-30 12:12:22,354 - INFO - 進度: 463/503 - 分析 URI
2025-06-30 12:12:22,652 - INFO - 進度: 464/503 - 分析 UNH
2025-06-30 12:12:23,006 - INFO - 進度: 465/503 - 分析 UHS
2025-06-30 12:12:23,299 - INFO - 進度: 466/503 - 分析 VLO
2025-06-30 12:12:23,601 - INFO - 進度: 467/503 - 分析 VTR
2025-06-30 12:12:23,873 - INFO - 進度: 468/503 - 分析 VLTO
2025-06-30 12:12:24,143 - INFO - 進度: 469/503 - 分析 VRSN
2025-06-30 12:12:24,417 - INFO - 進度: 470/503 - 分析 VRSK
2025-06-30 12:12:24,690 - INFO - 進度: 471/503 - 分析 VZ
2025-06-30 12:12:24,985 - INFO - 進度: 472/503 - 分析 VRTX
2025-06-30 12:12:25,271 - INFO - 進度: 473/503 - 分析 VTRS
2025-06-30 12:12:25,543 - INFO - 進度: 474/503 - 分析 VICI
2025-06-30 12:12:25,807 - INFO - 進度: 475/503 - 分析 V
2025-06-30 12:12:26,106 - INFO - 進度: 476/503 - 分析 VST
2025-06-30 12:12:26,420 - INFO - 進度: 477/503 - 分析 VMC
2025-06-30 12:12:26,702 - INFO - 進度: 478/503 - 分析 WRB
2025-06-30 12:12:26,994 - INFO - 進度: 479/503 - 分析 GWW
2025-06-30 12:12:27,336 - INFO - 進度: 480/503 - 分析 WAB
2025-06-30 12:12:27,630 - INFO - 進度: 481/503 - 分析 WBA
2025-06-30 12:12:27,908 - INFO - 進度: 482/503 - 分析 WMT
2025-06-30 12:12:28,240 - INFO - 進度: 483/503 - 分析 DIS
2025-06-30 12:12:28,550 - INFO - 進度: 484/503 - 分析 WBD
2025-06-30 12:12:28,866 - INFO - 進度: 485/503 - 分析 WM
2025-06-30 12:12:29,161 - INFO - 進度: 486/503 - 分析 WAT
2025-06-30 12:12:29,501 - INFO - 進度: 487/503 - 分析 WEC
2025-06-30 12:12:29,784 - INFO - 進度: 488/503 - 分析 WFC
2025-06-30 12:12:30,184 - INFO - 進度: 489/503 - 分析 WELL
2025-06-30 12:12:30,470 - INFO - 進度: 490/503 - 分析 WST
2025-06-30 12:12:30,747 - INFO - 進度: 491/503 - 分析 WDC
2025-06-30 12:12:31,033 - INFO - 進度: 492/503 - 分析 WY
2025-06-30 12:12:31,320 - INFO - 進度: 493/503 - 分析 WSM
2025-06-30 12:12:31,611 - INFO - 進度: 494/503 - 分析 WMB
2025-06-30 12:12:31,887 - INFO - 進度: 495/503 - 分析 WTW
2025-06-30 12:12:32,177 - INFO - 進度: 496/503 - 分析 WDAY
2025-06-30 12:12:32,482 - INFO - 進度: 497/503 - 分析 WYNN
2025-06-30 12:12:32,790 - INFO - 進度: 498/503 - 分析 XEL
2025-06-30 12:12:33,083 - INFO - 進度: 499/503 - 分析 XYL
2025-06-30 12:12:33,366 - INFO - 進度: 500/503 - 分析 YUM
2025-06-30 12:12:33,653 - INFO - 進度: 501/503 - 分析 ZBRA
2025-06-30 12:12:33,964 - INFO - 進度: 502/503 - 分析 ZBH
2025-06-30 12:12:34,232 - INFO - 進度: 503/503 - 分析 ZTS
2025-06-30 12:12:34,529 - INFO - 正在獲取市場數據...
2025-06-30 12:12:55,824 - INFO - 成功載入現有監控清單，包含 50 支股票
2025-06-30 12:12:55,825 - INFO - 已備份原文件到: stock_watchlist.json.backup
2025-06-30 12:12:55,826 - INFO - 成功更新 stock_watchlist.json，包含 50 支股票
2025-06-30 12:12:55,829 - INFO - 監控清單更新成功
2025-06-30 12:12:55,830 - INFO - 掃描完成！
2025-06-30 12:44:18,698 - INFO - 選擇權交易量追蹤器已初始化
2025-06-30 12:44:18,699 - INFO - 開始執行選擇權交易量掃描...
2025-06-30 12:44:18,700 - INFO - 正在獲取S&P 500股票列表...
2025-06-30 12:44:19,518 - INFO - 成功獲取 503 支S&P 500股票
2025-06-30 12:44:19,519 - INFO - 正在分析 503 支股票的選擇權交易量...
2025-06-30 12:44:19,519 - INFO - 進度: 1/503 - 分析 MMM
2025-06-30 12:44:20,040 - INFO - 進度: 2/503 - 分析 AOS
2025-06-30 12:44:20,315 - INFO - 進度: 3/503 - 分析 ABT
2025-06-30 12:44:20,620 - INFO - 進度: 4/503 - 分析 ABBV
2025-06-30 12:44:20,920 - INFO - 進度: 5/503 - 分析 ACN
2025-06-30 12:44:21,203 - INFO - 進度: 6/503 - 分析 ADBE
2025-06-30 12:44:21,517 - INFO - 進度: 7/503 - 分析 AMD
2025-06-30 12:44:21,848 - INFO - 進度: 8/503 - 分析 AES
2025-06-30 12:44:22,125 - INFO - 進度: 9/503 - 分析 AFL
2025-06-30 12:44:22,502 - INFO - 進度: 10/503 - 分析 A
2025-06-30 12:44:22,771 - INFO - 進度: 11/503 - 分析 APD
2025-06-30 12:44:23,043 - INFO - 進度: 12/503 - 分析 ABNB
2025-06-30 12:44:23,349 - INFO - 進度: 13/503 - 分析 AKAM
2025-06-30 12:44:23,624 - INFO - 進度: 14/503 - 分析 ALB
2025-06-30 12:44:23,933 - INFO - 進度: 15/503 - 分析 ARE
2025-06-30 12:44:24,215 - INFO - 進度: 16/503 - 分析 ALGN
2025-06-30 12:44:24,491 - INFO - 進度: 17/503 - 分析 ALLE
2025-06-30 12:44:24,752 - INFO - 進度: 18/503 - 分析 LNT
2025-06-30 12:44:25,016 - INFO - 進度: 19/503 - 分析 ALL
2025-06-30 12:44:25,289 - INFO - 進度: 20/503 - 分析 GOOGL
2025-06-30 12:44:25,604 - INFO - 進度: 21/503 - 分析 GOOG
2025-06-30 12:44:25,899 - INFO - 進度: 22/503 - 分析 MO
2025-06-30 12:44:26,195 - INFO - 進度: 23/503 - 分析 AMZN
2025-06-30 12:44:26,502 - INFO - 進度: 24/503 - 分析 AMCR
2025-06-30 12:44:26,762 - INFO - 進度: 25/503 - 分析 AEE
2025-06-30 12:44:27,024 - INFO - 進度: 26/503 - 分析 AEP
2025-06-30 12:44:27,284 - INFO - 進度: 27/503 - 分析 AXP
2025-06-30 12:44:27,575 - INFO - 進度: 28/503 - 分析 AIG
2025-06-30 12:44:27,842 - INFO - 進度: 29/503 - 分析 AMT
2025-06-30 12:44:28,118 - INFO - 進度: 30/503 - 分析 AWK
2025-06-30 12:44:28,387 - INFO - 進度: 31/503 - 分析 AMP
2025-06-30 12:44:28,661 - INFO - 進度: 32/503 - 分析 AME
2025-06-30 12:44:28,941 - INFO - 進度: 33/503 - 分析 AMGN
2025-06-30 12:44:29,249 - INFO - 進度: 34/503 - 分析 APH
2025-06-30 12:44:29,531 - INFO - 進度: 35/503 - 分析 ADI
2025-06-30 12:44:29,814 - INFO - 進度: 36/503 - 分析 ANSS
2025-06-30 12:44:30,078 - INFO - 進度: 37/503 - 分析 AON
2025-06-30 12:44:30,353 - INFO - 進度: 38/503 - 分析 APA
2025-06-30 12:44:30,632 - INFO - 進度: 39/503 - 分析 APO
2025-06-30 12:44:30,919 - INFO - 進度: 40/503 - 分析 AAPL
2025-06-30 12:44:31,220 - INFO - 進度: 41/503 - 分析 AMAT
2025-06-30 12:44:31,497 - INFO - 進度: 42/503 - 分析 APTV
2025-06-30 12:44:31,763 - INFO - 進度: 43/503 - 分析 ACGL
2025-06-30 12:44:32,019 - INFO - 進度: 44/503 - 分析 ADM
2025-06-30 12:44:32,308 - INFO - 進度: 45/503 - 分析 ANET
2025-06-30 12:44:32,625 - INFO - 進度: 46/503 - 分析 AJG
2025-06-30 12:44:32,932 - INFO - 進度: 47/503 - 分析 AIZ
2025-06-30 12:44:33,196 - INFO - 進度: 48/503 - 分析 T
2025-06-30 12:44:33,485 - INFO - 進度: 49/503 - 分析 ATO
2025-06-30 12:44:33,748 - INFO - 進度: 50/503 - 分析 ADSK
2025-06-30 12:44:34,024 - INFO - 進度: 51/503 - 分析 ADP
2025-06-30 12:44:34,303 - INFO - 進度: 52/503 - 分析 AZO
2025-06-30 12:44:34,638 - INFO - 進度: 53/503 - 分析 AVB
2025-06-30 12:44:34,907 - INFO - 進度: 54/503 - 分析 AVY
2025-06-30 12:44:35,194 - INFO - 進度: 55/503 - 分析 AXON
2025-06-30 12:44:35,503 - INFO - 進度: 56/503 - 分析 BKR
2025-06-30 12:44:35,774 - INFO - 進度: 57/503 - 分析 BALL
2025-06-30 12:44:36,033 - INFO - 進度: 58/503 - 分析 BAC
2025-06-30 12:44:36,363 - INFO - 進度: 59/503 - 分析 BAX
2025-06-30 12:44:36,646 - INFO - 進度: 60/503 - 分析 BDX
2025-06-30 12:44:36,948 - INFO - 進度: 61/503 - 分析 BRK.B
2025-06-30 12:44:37,123 - INFO - 進度: 62/503 - 分析 BBY
2025-06-30 12:44:37,420 - INFO - 進度: 63/503 - 分析 TECH
2025-06-30 12:44:37,690 - INFO - 進度: 64/503 - 分析 BIIB
2025-06-30 12:44:38,006 - INFO - 進度: 65/503 - 分析 BLK
2025-06-30 12:44:38,336 - INFO - 進度: 66/503 - 分析 BX
2025-06-30 12:44:38,657 - INFO - 進度: 67/503 - 分析 BK
2025-06-30 12:44:38,947 - INFO - 進度: 68/503 - 分析 BA
2025-06-30 12:44:39,256 - INFO - 進度: 69/503 - 分析 BKNG
2025-06-30 12:44:39,627 - INFO - 進度: 70/503 - 分析 BSX
2025-06-30 12:44:39,917 - INFO - 進度: 71/503 - 分析 BMY
2025-06-30 12:44:40,211 - INFO - 進度: 72/503 - 分析 AVGO
2025-06-30 12:44:40,650 - INFO - 進度: 73/503 - 分析 BR
2025-06-30 12:44:40,964 - INFO - 進度: 74/503 - 分析 BRO
2025-06-30 12:44:41,233 - INFO - 進度: 75/503 - 分析 BF.B
2025-06-30 12:44:41,416 - INFO - 進度: 76/503 - 分析 BLDR
2025-06-30 12:44:41,713 - INFO - 進度: 77/503 - 分析 BG
2025-06-30 12:44:42,034 - INFO - 進度: 78/503 - 分析 BXP
2025-06-30 12:44:42,363 - INFO - 進度: 79/503 - 分析 CHRW
2025-06-30 12:44:42,634 - INFO - 進度: 80/503 - 分析 CDNS
2025-06-30 12:44:42,936 - INFO - 進度: 81/503 - 分析 CZR
2025-06-30 12:44:43,232 - INFO - 進度: 82/503 - 分析 CPT
2025-06-30 12:44:43,485 - INFO - 進度: 83/503 - 分析 CPB
2025-06-30 12:44:43,767 - INFO - 進度: 84/503 - 分析 COF
2025-06-30 12:44:44,065 - INFO - 進度: 85/503 - 分析 CAH
2025-06-30 12:44:44,361 - INFO - 進度: 86/503 - 分析 KMX
2025-06-30 12:44:44,665 - INFO - 進度: 87/503 - 分析 CCL
2025-06-30 12:44:44,968 - INFO - 進度: 88/503 - 分析 CARR
2025-06-30 12:44:45,244 - INFO - 進度: 89/503 - 分析 CAT
2025-06-30 12:44:45,560 - INFO - 進度: 90/503 - 分析 CBOE
2025-06-30 12:44:45,841 - INFO - 進度: 91/503 - 分析 CBRE
2025-06-30 12:44:46,109 - INFO - 進度: 92/503 - 分析 CDW
2025-06-30 12:44:46,390 - INFO - 進度: 93/503 - 分析 COR
2025-06-30 12:44:46,649 - INFO - 進度: 94/503 - 分析 CNC
2025-06-30 12:44:46,935 - INFO - 進度: 95/503 - 分析 CNP
2025-06-30 12:44:47,219 - INFO - 進度: 96/503 - 分析 CF
2025-06-30 12:44:47,526 - INFO - 進度: 97/503 - 分析 CRL
2025-06-30 12:44:47,802 - INFO - 進度: 98/503 - 分析 SCHW
2025-06-30 12:44:48,091 - INFO - 進度: 99/503 - 分析 CHTR
2025-06-30 12:44:48,371 - INFO - 進度: 100/503 - 分析 CVX
2025-06-30 12:44:48,680 - INFO - 進度: 101/503 - 分析 CMG
2025-06-30 12:44:48,995 - INFO - 進度: 102/503 - 分析 CB
2025-06-30 12:44:49,279 - INFO - 進度: 103/503 - 分析 CHD
2025-06-30 12:44:49,547 - INFO - 進度: 104/503 - 分析 CI
2025-06-30 12:44:49,816 - INFO - 進度: 105/503 - 分析 CINF
2025-06-30 12:44:50,081 - INFO - 進度: 106/503 - 分析 CTAS
2025-06-30 12:44:50,359 - INFO - 進度: 107/503 - 分析 CSCO
2025-06-30 12:44:50,715 - INFO - 進度: 108/503 - 分析 C
2025-06-30 12:44:51,001 - INFO - 進度: 109/503 - 分析 CFG
2025-06-30 12:44:51,281 - INFO - 進度: 110/503 - 分析 CLX
2025-06-30 12:44:51,558 - INFO - 進度: 111/503 - 分析 CME
2025-06-30 12:44:51,831 - INFO - 進度: 112/503 - 分析 CMS
2025-06-30 12:44:52,100 - INFO - 進度: 113/503 - 分析 KO
2025-06-30 12:44:52,394 - INFO - 進度: 114/503 - 分析 CTSH
2025-06-30 12:44:52,685 - INFO - 進度: 115/503 - 分析 COIN
2025-06-30 12:44:53,081 - INFO - 進度: 116/503 - 分析 CL
2025-06-30 12:44:53,351 - INFO - 進度: 117/503 - 分析 CMCSA
2025-06-30 12:44:53,629 - INFO - 進度: 118/503 - 分析 CAG
2025-06-30 12:44:53,898 - INFO - 進度: 119/503 - 分析 COP
2025-06-30 12:44:54,189 - INFO - 進度: 120/503 - 分析 ED
2025-06-30 12:44:54,473 - INFO - 進度: 121/503 - 分析 STZ
2025-06-30 12:44:54,817 - INFO - 進度: 122/503 - 分析 CEG
2025-06-30 12:44:55,144 - INFO - 進度: 123/503 - 分析 COO
2025-06-30 12:44:55,419 - INFO - 進度: 124/503 - 分析 CPRT
2025-06-30 12:44:55,692 - INFO - 進度: 125/503 - 分析 GLW
2025-06-30 12:44:55,958 - INFO - 進度: 126/503 - 分析 CPAY
2025-06-30 12:44:56,229 - INFO - 進度: 127/503 - 分析 CTVA
2025-06-30 12:44:56,490 - INFO - 進度: 128/503 - 分析 CSGP
2025-06-30 12:44:56,771 - INFO - 進度: 129/503 - 分析 COST
2025-06-30 12:44:57,099 - INFO - 進度: 130/503 - 分析 CTRA
2025-06-30 12:44:57,380 - INFO - 進度: 131/503 - 分析 CRWD
2025-06-30 12:44:57,746 - INFO - 進度: 132/503 - 分析 CCI
2025-06-30 12:44:58,174 - INFO - 進度: 133/503 - 分析 CSX
2025-06-30 12:44:58,451 - INFO - 進度: 134/503 - 分析 CMI
2025-06-30 12:44:58,721 - INFO - 進度: 135/503 - 分析 CVS
2025-06-30 12:44:59,016 - INFO - 進度: 136/503 - 分析 DHR
2025-06-30 12:44:59,293 - INFO - 進度: 137/503 - 分析 DRI
2025-06-30 12:44:59,609 - INFO - 進度: 138/503 - 分析 DVA
2025-06-30 12:44:59,886 - INFO - 進度: 139/503 - 分析 DAY
2025-06-30 12:45:00,254 - INFO - 進度: 140/503 - 分析 DECK
2025-06-30 12:45:00,562 - INFO - 進度: 141/503 - 分析 DE
2025-06-30 12:45:00,863 - INFO - 進度: 142/503 - 分析 DELL
2025-06-30 12:45:01,190 - INFO - 進度: 143/503 - 分析 DAL
2025-06-30 12:45:01,481 - INFO - 進度: 144/503 - 分析 DVN
2025-06-30 12:45:01,819 - INFO - 進度: 145/503 - 分析 DXCM
2025-06-30 12:45:02,105 - INFO - 進度: 146/503 - 分析 FANG
2025-06-30 12:45:02,402 - INFO - 進度: 147/503 - 分析 DLR
2025-06-30 12:45:02,690 - INFO - 進度: 148/503 - 分析 DG
2025-06-30 12:45:03,012 - INFO - 進度: 149/503 - 分析 DLTR
2025-06-30 12:45:03,333 - INFO - 進度: 150/503 - 分析 D
2025-06-30 12:45:03,710 - INFO - 進度: 151/503 - 分析 DPZ
2025-06-30 12:45:04,006 - INFO - 進度: 152/503 - 分析 DASH
2025-06-30 12:45:04,303 - INFO - 進度: 153/503 - 分析 DOV
2025-06-30 12:45:04,572 - INFO - 進度: 154/503 - 分析 DOW
2025-06-30 12:45:04,858 - INFO - 進度: 155/503 - 分析 DHI
2025-06-30 12:45:05,158 - INFO - 進度: 156/503 - 分析 DTE
2025-06-30 12:45:05,445 - INFO - 進度: 157/503 - 分析 DUK
2025-06-30 12:45:05,727 - INFO - 進度: 158/503 - 分析 DD
2025-06-30 12:45:06,014 - INFO - 進度: 159/503 - 分析 EMN
2025-06-30 12:45:06,290 - INFO - 進度: 160/503 - 分析 ETN
2025-06-30 12:45:06,568 - INFO - 進度: 161/503 - 分析 EBAY
2025-06-30 12:45:06,852 - INFO - 進度: 162/503 - 分析 ECL
2025-06-30 12:45:07,136 - INFO - 進度: 163/503 - 分析 EIX
2025-06-30 12:45:07,445 - INFO - 進度: 164/503 - 分析 EW
2025-06-30 12:45:07,720 - INFO - 進度: 165/503 - 分析 EA
2025-06-30 12:45:08,026 - INFO - 進度: 166/503 - 分析 ELV
2025-06-30 12:45:08,306 - INFO - 進度: 167/503 - 分析 EMR
2025-06-30 12:45:08,596 - INFO - 進度: 168/503 - 分析 ENPH
2025-06-30 12:45:08,919 - INFO - 進度: 169/503 - 分析 ETR
2025-06-30 12:45:09,179 - INFO - 進度: 170/503 - 分析 EOG
2025-06-30 12:45:09,575 - INFO - 進度: 171/503 - 分析 EPAM
2025-06-30 12:45:09,872 - INFO - 進度: 172/503 - 分析 EQT
2025-06-30 12:45:10,152 - INFO - 進度: 173/503 - 分析 EFX
2025-06-30 12:45:10,438 - INFO - 進度: 174/503 - 分析 EQIX
2025-06-30 12:45:10,743 - INFO - 進度: 175/503 - 分析 EQR
2025-06-30 12:45:11,046 - INFO - 進度: 176/503 - 分析 ERIE
2025-06-30 12:45:11,450 - INFO - 進度: 177/503 - 分析 ESS
2025-06-30 12:45:11,744 - INFO - 進度: 178/503 - 分析 EL
2025-06-30 12:45:12,096 - INFO - 進度: 179/503 - 分析 EG
2025-06-30 12:45:12,416 - INFO - 進度: 180/503 - 分析 EVRG
2025-06-30 12:45:12,686 - INFO - 進度: 181/503 - 分析 ES
2025-06-30 12:45:12,954 - INFO - 進度: 182/503 - 分析 EXC
2025-06-30 12:45:13,255 - INFO - 進度: 183/503 - 分析 EXE
2025-06-30 12:45:13,541 - INFO - 進度: 184/503 - 分析 EXPE
2025-06-30 12:45:13,836 - INFO - 進度: 185/503 - 分析 EXPD
2025-06-30 12:45:14,100 - INFO - 進度: 186/503 - 分析 EXR
2025-06-30 12:45:14,373 - INFO - 進度: 187/503 - 分析 XOM
2025-06-30 12:45:14,702 - INFO - 進度: 188/503 - 分析 FFIV
2025-06-30 12:45:14,992 - INFO - 進度: 189/503 - 分析 FDS
2025-06-30 12:45:15,273 - INFO - 進度: 190/503 - 分析 FICO
2025-06-30 12:45:15,640 - INFO - 進度: 191/503 - 分析 FAST
2025-06-30 12:45:15,923 - INFO - 進度: 192/503 - 分析 FRT
2025-06-30 12:45:16,191 - INFO - 進度: 193/503 - 分析 FDX
2025-06-30 12:45:16,501 - INFO - 進度: 194/503 - 分析 FIS
2025-06-30 12:45:16,773 - INFO - 進度: 195/503 - 分析 FITB
2025-06-30 12:45:17,062 - INFO - 進度: 196/503 - 分析 FSLR
2025-06-30 12:45:17,401 - INFO - 進度: 197/503 - 分析 FE
2025-06-30 12:45:17,699 - INFO - 進度: 198/503 - 分析 FI
2025-06-30 12:45:17,979 - INFO - 進度: 199/503 - 分析 F
2025-06-30 12:45:18,276 - INFO - 進度: 200/503 - 分析 FTNT
2025-06-30 12:45:18,575 - INFO - 進度: 201/503 - 分析 FTV
2025-06-30 12:45:18,993 - INFO - 進度: 202/503 - 分析 FOXA
2025-06-30 12:45:19,272 - INFO - 進度: 203/503 - 分析 FOX
2025-06-30 12:45:19,553 - INFO - 進度: 204/503 - 分析 BEN
2025-06-30 12:45:19,833 - INFO - 進度: 205/503 - 分析 FCX
2025-06-30 12:45:20,142 - INFO - 進度: 206/503 - 分析 GRMN
2025-06-30 12:45:20,433 - INFO - 進度: 207/503 - 分析 IT
2025-06-30 12:45:20,718 - INFO - 進度: 208/503 - 分析 GE
2025-06-30 12:45:21,024 - INFO - 進度: 209/503 - 分析 GEHC
2025-06-30 12:45:21,307 - INFO - 進度: 210/503 - 分析 GEV
2025-06-30 12:45:21,679 - INFO - 進度: 211/503 - 分析 GEN
2025-06-30 12:45:21,953 - INFO - 進度: 212/503 - 分析 GNRC
2025-06-30 12:45:22,219 - INFO - 進度: 213/503 - 分析 GD
2025-06-30 12:45:22,508 - INFO - 進度: 214/503 - 分析 GIS
2025-06-30 12:45:22,787 - INFO - 進度: 215/503 - 分析 GM
2025-06-30 12:45:23,085 - INFO - 進度: 216/503 - 分析 GPC
2025-06-30 12:45:23,360 - INFO - 進度: 217/503 - 分析 GILD
2025-06-30 12:45:23,646 - INFO - 進度: 218/503 - 分析 GPN
2025-06-30 12:45:23,928 - INFO - 進度: 219/503 - 分析 GL
2025-06-30 12:45:24,200 - INFO - 進度: 220/503 - 分析 GDDY
2025-06-30 12:45:24,471 - INFO - 進度: 221/503 - 分析 GS
2025-06-30 12:45:24,827 - INFO - 進度: 222/503 - 分析 HAL
2025-06-30 12:45:25,111 - INFO - 進度: 223/503 - 分析 HIG
2025-06-30 12:45:25,383 - INFO - 進度: 224/503 - 分析 HAS
2025-06-30 12:45:25,678 - INFO - 進度: 225/503 - 分析 HCA
2025-06-30 12:45:25,986 - INFO - 進度: 226/503 - 分析 DOC
2025-06-30 12:45:26,260 - INFO - 進度: 227/503 - 分析 HSIC
2025-06-30 12:45:26,542 - INFO - 進度: 228/503 - 分析 HSY
2025-06-30 12:45:26,837 - INFO - 進度: 229/503 - 分析 HES
2025-06-30 12:45:27,117 - INFO - 進度: 230/503 - 分析 HPE
2025-06-30 12:45:27,424 - INFO - 進度: 231/503 - 分析 HLT
2025-06-30 12:45:27,709 - INFO - 進度: 232/503 - 分析 HOLX
2025-06-30 12:45:27,991 - INFO - 進度: 233/503 - 分析 HD
2025-06-30 12:45:28,301 - INFO - 進度: 234/503 - 分析 HON
2025-06-30 12:45:28,582 - INFO - 進度: 235/503 - 分析 HRL
2025-06-30 12:45:28,856 - INFO - 進度: 236/503 - 分析 HST
2025-06-30 12:45:29,124 - INFO - 進度: 237/503 - 分析 HWM
2025-06-30 12:45:29,413 - INFO - 進度: 238/503 - 分析 HPQ
2025-06-30 12:45:29,711 - INFO - 進度: 239/503 - 分析 HUBB
2025-06-30 12:45:29,980 - INFO - 進度: 240/503 - 分析 HUM
2025-06-30 12:45:30,290 - INFO - 進度: 241/503 - 分析 HBAN
2025-06-30 12:45:30,569 - INFO - 進度: 242/503 - 分析 HII
2025-06-30 12:45:30,841 - INFO - 進度: 243/503 - 分析 IBM
2025-06-30 12:45:31,149 - INFO - 進度: 244/503 - 分析 IEX
2025-06-30 12:45:31,421 - INFO - 進度: 245/503 - 分析 IDXX
2025-06-30 12:45:31,719 - INFO - 進度: 246/503 - 分析 ITW
2025-06-30 12:45:32,088 - INFO - 進度: 247/503 - 分析 INCY
2025-06-30 12:45:32,370 - INFO - 進度: 248/503 - 分析 IR
2025-06-30 12:45:32,651 - INFO - 進度: 249/503 - 分析 PODD
2025-06-30 12:45:32,949 - INFO - 進度: 250/503 - 分析 INTC
2025-06-30 12:45:33,366 - INFO - 進度: 251/503 - 分析 ICE
2025-06-30 12:45:33,635 - INFO - 進度: 252/503 - 分析 IFF
2025-06-30 12:45:33,906 - INFO - 進度: 253/503 - 分析 IP
2025-06-30 12:45:34,192 - INFO - 進度: 254/503 - 分析 IPG
2025-06-30 12:45:34,475 - INFO - 進度: 255/503 - 分析 INTU
2025-06-30 12:45:34,792 - INFO - 進度: 256/503 - 分析 ISRG
2025-06-30 12:45:35,106 - INFO - 進度: 257/503 - 分析 IVZ
2025-06-30 12:45:35,405 - INFO - 進度: 258/503 - 分析 INVH
2025-06-30 12:45:35,800 - INFO - 進度: 259/503 - 分析 IQV
2025-06-30 12:45:36,080 - INFO - 進度: 260/503 - 分析 IRM
2025-06-30 12:45:36,362 - INFO - 進度: 261/503 - 分析 JBHT
2025-06-30 12:45:36,636 - INFO - 進度: 262/503 - 分析 JBL
2025-06-30 12:45:36,918 - INFO - 進度: 263/503 - 分析 JKHY
2025-06-30 12:45:37,195 - INFO - 進度: 264/503 - 分析 J
2025-06-30 12:45:37,474 - INFO - 進度: 265/503 - 分析 JNJ
2025-06-30 12:45:37,766 - INFO - 進度: 266/503 - 分析 JCI
2025-06-30 12:45:38,048 - INFO - 進度: 267/503 - 分析 JPM
2025-06-30 12:45:38,353 - INFO - 進度: 268/503 - 分析 JNPR
2025-06-30 12:45:38,630 - INFO - 進度: 269/503 - 分析 K
2025-06-30 12:45:38,900 - INFO - 進度: 270/503 - 分析 KVUE
2025-06-30 12:45:39,173 - INFO - 進度: 271/503 - 分析 KDP
2025-06-30 12:45:39,454 - INFO - 進度: 272/503 - 分析 KEY
2025-06-30 12:45:39,732 - INFO - 進度: 273/503 - 分析 KEYS
2025-06-30 12:45:40,002 - INFO - 進度: 274/503 - 分析 KMB
2025-06-30 12:45:40,286 - INFO - 進度: 275/503 - 分析 KIM
2025-06-30 12:45:40,577 - INFO - 進度: 276/503 - 分析 KMI
2025-06-30 12:45:40,857 - INFO - 進度: 277/503 - 分析 KKR
2025-06-30 12:45:41,163 - INFO - 進度: 278/503 - 分析 KLAC
2025-06-30 12:45:41,484 - INFO - 進度: 279/503 - 分析 KHC
2025-06-30 12:45:41,772 - INFO - 進度: 280/503 - 分析 KR
2025-06-30 12:45:42,073 - INFO - 進度: 281/503 - 分析 LHX
2025-06-30 12:45:42,346 - INFO - 進度: 282/503 - 分析 LH
2025-06-30 12:45:42,613 - INFO - 進度: 283/503 - 分析 LRCX
2025-06-30 12:45:42,913 - INFO - 進度: 284/503 - 分析 LW
2025-06-30 12:45:43,250 - INFO - 進度: 285/503 - 分析 LVS
2025-06-30 12:45:43,557 - INFO - 進度: 286/503 - 分析 LDOS
2025-06-30 12:45:43,829 - INFO - 進度: 287/503 - 分析 LEN
2025-06-30 12:45:44,118 - INFO - 進度: 288/503 - 分析 LII
2025-06-30 12:45:44,397 - INFO - 進度: 289/503 - 分析 LLY
2025-06-30 12:45:44,770 - INFO - 進度: 290/503 - 分析 LIN
2025-06-30 12:45:45,078 - INFO - 進度: 291/503 - 分析 LYV
2025-06-30 12:45:45,492 - INFO - 進度: 292/503 - 分析 LKQ
2025-06-30 12:45:45,753 - INFO - 進度: 293/503 - 分析 LMT
2025-06-30 12:45:46,088 - INFO - 進度: 294/503 - 分析 L
2025-06-30 12:45:46,360 - INFO - 進度: 295/503 - 分析 LOW
2025-06-30 12:45:46,630 - INFO - 進度: 296/503 - 分析 LULU
2025-06-30 12:45:46,960 - INFO - 進度: 297/503 - 分析 LYB
2025-06-30 12:45:47,252 - INFO - 進度: 298/503 - 分析 MTB
2025-06-30 12:45:47,541 - INFO - 進度: 299/503 - 分析 MPC
2025-06-30 12:45:47,829 - INFO - 進度: 300/503 - 分析 MKTX
2025-06-30 12:45:48,099 - INFO - 進度: 301/503 - 分析 MAR
2025-06-30 12:45:48,374 - INFO - 進度: 302/503 - 分析 MMC
2025-06-30 12:45:48,652 - INFO - 進度: 303/503 - 分析 MLM
2025-06-30 12:45:48,945 - INFO - 進度: 304/503 - 分析 MAS
2025-06-30 12:45:49,208 - INFO - 進度: 305/503 - 分析 MA
2025-06-30 12:45:49,565 - INFO - 進度: 306/503 - 分析 MTCH
2025-06-30 12:45:49,881 - INFO - 進度: 307/503 - 分析 MKC
2025-06-30 12:45:50,147 - INFO - 進度: 308/503 - 分析 MCD
2025-06-30 12:45:50,437 - INFO - 進度: 309/503 - 分析 MCK
2025-06-30 12:45:50,732 - INFO - 進度: 310/503 - 分析 MDT
2025-06-30 12:45:51,000 - INFO - 進度: 311/503 - 分析 MRK
2025-06-30 12:45:51,284 - INFO - 進度: 312/503 - 分析 META
2025-06-30 12:45:51,625 - INFO - 進度: 313/503 - 分析 MET
2025-06-30 12:45:51,896 - INFO - 進度: 314/503 - 分析 MTD
2025-06-30 12:45:52,329 - INFO - 進度: 315/503 - 分析 MGM
2025-06-30 12:45:52,613 - INFO - 進度: 316/503 - 分析 MCHP
2025-06-30 12:45:52,940 - INFO - 進度: 317/503 - 分析 MU
2025-06-30 12:45:53,290 - INFO - 進度: 318/503 - 分析 MSFT
2025-06-30 12:45:53,604 - INFO - 進度: 319/503 - 分析 MAA
2025-06-30 12:45:53,896 - INFO - 進度: 320/503 - 分析 MRNA
2025-06-30 12:45:54,195 - INFO - 進度: 321/503 - 分析 MHK
2025-06-30 12:45:54,485 - INFO - 進度: 322/503 - 分析 MOH
2025-06-30 12:45:54,774 - INFO - 進度: 323/503 - 分析 TAP
2025-06-30 12:45:55,065 - INFO - 進度: 324/503 - 分析 MDLZ
2025-06-30 12:45:55,345 - INFO - 進度: 325/503 - 分析 MPWR
2025-06-30 12:45:55,653 - INFO - 進度: 326/503 - 分析 MNST
2025-06-30 12:45:56,156 - INFO - 進度: 327/503 - 分析 MCO
2025-06-30 12:45:56,434 - INFO - 進度: 328/503 - 分析 MS
2025-06-30 12:45:56,717 - INFO - 進度: 329/503 - 分析 MOS
2025-06-30 12:45:57,001 - INFO - 進度: 330/503 - 分析 MSI
2025-06-30 12:45:57,291 - INFO - 進度: 331/503 - 分析 MSCI
2025-06-30 12:45:57,572 - INFO - 進度: 332/503 - 分析 NDAQ
2025-06-30 12:45:57,848 - INFO - 進度: 333/503 - 分析 NTAP
2025-06-30 12:45:58,151 - INFO - 進度: 334/503 - 分析 NFLX
2025-06-30 12:45:58,512 - INFO - 進度: 335/503 - 分析 NEM
2025-06-30 12:45:58,823 - INFO - 進度: 336/503 - 分析 NWSA
2025-06-30 12:45:59,078 - INFO - 進度: 337/503 - 分析 NWS
2025-06-30 12:45:59,344 - INFO - 進度: 338/503 - 分析 NEE
2025-06-30 12:45:59,630 - INFO - 進度: 339/503 - 分析 NKE
2025-06-30 12:46:00,038 - INFO - 進度: 340/503 - 分析 NI
2025-06-30 12:46:00,306 - INFO - 進度: 341/503 - 分析 NDSN
2025-06-30 12:46:00,572 - INFO - 進度: 342/503 - 分析 NSC
2025-06-30 12:46:00,852 - INFO - 進度: 343/503 - 分析 NTRS
2025-06-30 12:46:01,137 - INFO - 進度: 344/503 - 分析 NOC
2025-06-30 12:46:01,431 - INFO - 進度: 345/503 - 分析 NCLH
2025-06-30 12:46:01,714 - INFO - 進度: 346/503 - 分析 NRG
2025-06-30 12:46:02,001 - INFO - 進度: 347/503 - 分析 NUE
2025-06-30 12:46:02,298 - INFO - 進度: 348/503 - 分析 NVDA
2025-06-30 12:46:02,729 - INFO - 進度: 349/503 - 分析 NVR
2025-06-30 12:46:02,903 - INFO - 進度: 350/503 - 分析 NXPI
2025-06-30 12:46:03,201 - INFO - 進度: 351/503 - 分析 ORLY
2025-06-30 12:46:03,529 - INFO - 進度: 352/503 - 分析 OXY
2025-06-30 12:46:03,837 - INFO - 進度: 353/503 - 分析 ODFL
2025-06-30 12:46:04,146 - INFO - 進度: 354/503 - 分析 OMC
2025-06-30 12:46:04,531 - INFO - 進度: 355/503 - 分析 ON
2025-06-30 12:46:04,836 - INFO - 進度: 356/503 - 分析 OKE
2025-06-30 12:46:05,114 - INFO - 進度: 357/503 - 分析 ORCL
2025-06-30 12:46:05,535 - INFO - 進度: 358/503 - 分析 OTIS
2025-06-30 12:46:05,806 - INFO - 進度: 359/503 - 分析 PCAR
2025-06-30 12:46:06,079 - INFO - 進度: 360/503 - 分析 PKG
2025-06-30 12:46:06,367 - INFO - 進度: 361/503 - 分析 PLTR
2025-06-30 12:46:06,704 - INFO - 進度: 362/503 - 分析 PANW
2025-06-30 12:46:07,010 - INFO - 進度: 363/503 - 分析 PARA
2025-06-30 12:46:07,280 - INFO - 進度: 364/503 - 分析 PH
2025-06-30 12:46:07,562 - INFO - 進度: 365/503 - 分析 PAYX
2025-06-30 12:46:07,830 - INFO - 進度: 366/503 - 分析 PAYC
2025-06-30 12:46:08,101 - INFO - 進度: 367/503 - 分析 PYPL
2025-06-30 12:46:08,401 - INFO - 進度: 368/503 - 分析 PNR
2025-06-30 12:46:08,671 - INFO - 進度: 369/503 - 分析 PEP
2025-06-30 12:46:08,987 - INFO - 進度: 370/503 - 分析 PFE
2025-06-30 12:46:09,288 - INFO - 進度: 371/503 - 分析 PCG
2025-06-30 12:46:09,578 - INFO - 進度: 372/503 - 分析 PM
2025-06-30 12:46:09,882 - INFO - 進度: 373/503 - 分析 PSX
2025-06-30 12:46:10,173 - INFO - 進度: 374/503 - 分析 PNW
2025-06-30 12:46:10,466 - INFO - 進度: 375/503 - 分析 PNC
2025-06-30 12:46:10,762 - INFO - 進度: 376/503 - 分析 POOL
2025-06-30 12:46:11,172 - INFO - 進度: 377/503 - 分析 PPG
2025-06-30 12:46:11,471 - INFO - 進度: 378/503 - 分析 PPL
2025-06-30 12:46:11,758 - INFO - 進度: 379/503 - 分析 PFG
2025-06-30 12:46:12,022 - INFO - 進度: 380/503 - 分析 PG
2025-06-30 12:46:12,386 - INFO - 進度: 381/503 - 分析 PGR
2025-06-30 12:46:12,669 - INFO - 進度: 382/503 - 分析 PLD
2025-06-30 12:46:12,939 - INFO - 進度: 383/503 - 分析 PRU
2025-06-30 12:46:13,210 - INFO - 進度: 384/503 - 分析 PEG
2025-06-30 12:46:13,475 - INFO - 進度: 385/503 - 分析 PTC
2025-06-30 12:46:13,751 - INFO - 進度: 386/503 - 分析 PSA
2025-06-30 12:46:14,016 - INFO - 進度: 387/503 - 分析 PHM
2025-06-30 12:46:14,326 - INFO - 進度: 388/503 - 分析 PWR
2025-06-30 12:46:14,603 - INFO - 進度: 389/503 - 分析 QCOM
2025-06-30 12:46:14,900 - INFO - 進度: 390/503 - 分析 DGX
2025-06-30 12:46:15,172 - INFO - 進度: 391/503 - 分析 RL
2025-06-30 12:46:15,472 - INFO - 進度: 392/503 - 分析 RJF
2025-06-30 12:46:15,736 - INFO - 進度: 393/503 - 分析 RTX
2025-06-30 12:46:16,052 - INFO - 進度: 394/503 - 分析 O
2025-06-30 12:46:16,346 - INFO - 進度: 395/503 - 分析 REG
2025-06-30 12:46:16,611 - INFO - 進度: 396/503 - 分析 REGN
2025-06-30 12:46:16,919 - INFO - 進度: 397/503 - 分析 RF
2025-06-30 12:46:17,190 - INFO - 進度: 398/503 - 分析 RSG
2025-06-30 12:46:17,475 - INFO - 進度: 399/503 - 分析 RMD
2025-06-30 12:46:17,781 - INFO - 進度: 400/503 - 分析 RVTY
2025-06-30 12:46:18,052 - INFO - 進度: 401/503 - 分析 ROK
2025-06-30 12:46:18,343 - INFO - 進度: 402/503 - 分析 ROL
2025-06-30 12:46:18,606 - INFO - 進度: 403/503 - 分析 ROP
2025-06-30 12:46:18,882 - INFO - 進度: 404/503 - 分析 ROST
2025-06-30 12:46:19,198 - INFO - 進度: 405/503 - 分析 RCL
2025-06-30 12:46:19,527 - INFO - 進度: 406/503 - 分析 SPGI
2025-06-30 12:46:19,817 - INFO - 進度: 407/503 - 分析 CRM
2025-06-30 12:46:20,131 - INFO - 進度: 408/503 - 分析 SBAC
2025-06-30 12:46:20,408 - INFO - 進度: 409/503 - 分析 SLB
2025-06-30 12:46:20,701 - INFO - 進度: 410/503 - 分析 STX
2025-06-30 12:46:21,028 - INFO - 進度: 411/503 - 分析 SRE
2025-06-30 12:46:21,320 - INFO - 進度: 412/503 - 分析 NOW
2025-06-30 12:46:21,647 - INFO - 進度: 413/503 - 分析 SHW
2025-06-30 12:46:21,935 - INFO - 進度: 414/503 - 分析 SPG
2025-06-30 12:46:22,245 - INFO - 進度: 415/503 - 分析 SWKS
2025-06-30 12:46:22,527 - INFO - 進度: 416/503 - 分析 SJM
2025-06-30 12:46:22,815 - INFO - 進度: 417/503 - 分析 SW
2025-06-30 12:46:23,084 - INFO - 進度: 418/503 - 分析 SNA
2025-06-30 12:46:23,348 - INFO - 進度: 419/503 - 分析 SOLV
2025-06-30 12:46:23,629 - INFO - 進度: 420/503 - 分析 SO
2025-06-30 12:46:23,918 - INFO - 進度: 421/503 - 分析 LUV
2025-06-30 12:46:24,210 - INFO - 進度: 422/503 - 分析 SWK
2025-06-30 12:46:24,516 - INFO - 進度: 423/503 - 分析 SBUX
2025-06-30 12:46:24,823 - INFO - 進度: 424/503 - 分析 STT
2025-06-30 12:46:25,102 - INFO - 進度: 425/503 - 分析 STLD
2025-06-30 12:46:25,384 - INFO - 進度: 426/503 - 分析 STE
2025-06-30 12:46:25,654 - INFO - 進度: 427/503 - 分析 SYK
2025-06-30 12:46:25,949 - INFO - 進度: 428/503 - 分析 SMCI
2025-06-30 12:46:26,285 - INFO - 進度: 429/503 - 分析 SYF
2025-06-30 12:46:26,582 - INFO - 進度: 430/503 - 分析 SNPS
2025-06-30 12:46:26,899 - INFO - 進度: 431/503 - 分析 SYY
2025-06-30 12:46:27,162 - INFO - 進度: 432/503 - 分析 TMUS
2025-06-30 12:46:27,516 - INFO - 進度: 433/503 - 分析 TROW
2025-06-30 12:46:27,810 - INFO - 進度: 434/503 - 分析 TTWO
2025-06-30 12:46:28,113 - INFO - 進度: 435/503 - 分析 TPR
2025-06-30 12:46:28,456 - INFO - 進度: 436/503 - 分析 TRGP
2025-06-30 12:46:28,743 - INFO - 進度: 437/503 - 分析 TGT
2025-06-30 12:46:29,062 - INFO - 進度: 438/503 - 分析 TEL
2025-06-30 12:46:29,356 - INFO - 進度: 439/503 - 分析 TDY
2025-06-30 12:46:29,628 - INFO - 進度: 440/503 - 分析 TER
2025-06-30 12:46:29,922 - INFO - 進度: 441/503 - 分析 TSLA
2025-06-30 12:46:30,311 - INFO - 進度: 442/503 - 分析 TXN
2025-06-30 12:46:30,606 - INFO - 進度: 443/503 - 分析 TPL
2025-06-30 12:46:30,970 - INFO - 進度: 444/503 - 分析 TXT
2025-06-30 12:46:31,253 - INFO - 進度: 445/503 - 分析 TMO
2025-06-30 12:46:31,562 - INFO - 進度: 446/503 - 分析 TJX
2025-06-30 12:46:31,865 - INFO - 進度: 447/503 - 分析 TKO
2025-06-30 12:46:32,178 - INFO - 進度: 448/503 - 分析 TSCO
2025-06-30 12:46:32,471 - INFO - 進度: 449/503 - 分析 TT
2025-06-30 12:46:32,742 - INFO - 進度: 450/503 - 分析 TDG
2025-06-30 12:46:33,028 - INFO - 進度: 451/503 - 分析 TRV
2025-06-30 12:46:33,305 - INFO - 進度: 452/503 - 分析 TRMB
2025-06-30 12:46:33,686 - INFO - 進度: 453/503 - 分析 TFC
2025-06-30 12:46:33,969 - INFO - 進度: 454/503 - 分析 TYL
2025-06-30 12:46:34,252 - INFO - 進度: 455/503 - 分析 TSN
2025-06-30 12:46:34,547 - INFO - 進度: 456/503 - 分析 USB
2025-06-30 12:46:34,837 - INFO - 進度: 457/503 - 分析 UBER
2025-06-30 12:46:35,149 - INFO - 進度: 458/503 - 分析 UDR
2025-06-30 12:46:35,413 - INFO - 進度: 459/503 - 分析 ULTA
2025-06-30 12:46:35,731 - INFO - 進度: 460/503 - 分析 UNP
2025-06-30 12:46:36,008 - INFO - 進度: 461/503 - 分析 UAL
2025-06-30 12:46:36,320 - INFO - 進度: 462/503 - 分析 UPS
2025-06-30 12:46:36,632 - INFO - 進度: 463/503 - 分析 URI
2025-06-30 12:46:36,963 - INFO - 進度: 464/503 - 分析 UNH
2025-06-30 12:46:37,302 - INFO - 進度: 465/503 - 分析 UHS
2025-06-30 12:46:37,680 - INFO - 進度: 466/503 - 分析 VLO
2025-06-30 12:46:38,001 - INFO - 進度: 467/503 - 分析 VTR
2025-06-30 12:46:38,280 - INFO - 進度: 468/503 - 分析 VLTO
2025-06-30 12:46:38,556 - INFO - 進度: 469/503 - 分析 VRSN
2025-06-30 12:46:38,855 - INFO - 進度: 470/503 - 分析 VRSK
2025-06-30 12:46:39,130 - INFO - 進度: 471/503 - 分析 VZ
2025-06-30 12:46:39,442 - INFO - 進度: 472/503 - 分析 VRTX
2025-06-30 12:46:39,750 - INFO - 進度: 473/503 - 分析 VTRS
2025-06-30 12:46:40,025 - INFO - 進度: 474/503 - 分析 VICI
2025-06-30 12:46:40,286 - INFO - 進度: 475/503 - 分析 V
2025-06-30 12:46:40,600 - INFO - 進度: 476/503 - 分析 VST
2025-06-30 12:46:40,906 - INFO - 進度: 477/503 - 分析 VMC
2025-06-30 12:46:41,189 - INFO - 進度: 478/503 - 分析 WRB
2025-06-30 12:46:41,487 - INFO - 進度: 479/503 - 分析 GWW
2025-06-30 12:46:41,797 - INFO - 進度: 480/503 - 分析 WAB
2025-06-30 12:46:42,089 - INFO - 進度: 481/503 - 分析 WBA
2025-06-30 12:46:42,365 - INFO - 進度: 482/503 - 分析 WMT
2025-06-30 12:46:42,678 - INFO - 進度: 483/503 - 分析 DIS
2025-06-30 12:46:42,973 - INFO - 進度: 484/503 - 分析 WBD
2025-06-30 12:46:43,263 - INFO - 進度: 485/503 - 分析 WM
2025-06-30 12:46:43,552 - INFO - 進度: 486/503 - 分析 WAT
2025-06-30 12:46:43,859 - INFO - 進度: 487/503 - 分析 WEC
2025-06-30 12:46:44,131 - INFO - 進度: 488/503 - 分析 WFC
2025-06-30 12:46:44,428 - INFO - 進度: 489/503 - 分析 WELL
2025-06-30 12:46:44,702 - INFO - 進度: 490/503 - 分析 WST
2025-06-30 12:46:44,983 - INFO - 進度: 491/503 - 分析 WDC
2025-06-30 12:46:45,402 - INFO - 進度: 492/503 - 分析 WY
2025-06-30 12:46:45,693 - INFO - 進度: 493/503 - 分析 WSM
2025-06-30 12:46:46,003 - INFO - 進度: 494/503 - 分析 WMB
2025-06-30 12:46:46,279 - INFO - 進度: 495/503 - 分析 WTW
2025-06-30 12:46:46,662 - INFO - 進度: 496/503 - 分析 WDAY
2025-06-30 12:46:46,953 - INFO - 進度: 497/503 - 分析 WYNN
2025-06-30 12:46:47,249 - INFO - 進度: 498/503 - 分析 XEL
2025-06-30 12:46:47,502 - INFO - 進度: 499/503 - 分析 XYL
2025-06-30 12:46:47,846 - INFO - 進度: 500/503 - 分析 YUM
2025-06-30 12:46:48,139 - INFO - 進度: 501/503 - 分析 ZBRA
2025-06-30 12:46:48,408 - INFO - 進度: 502/503 - 分析 ZBH
2025-06-30 12:46:48,671 - INFO - 進度: 503/503 - 分析 ZTS
2025-06-30 12:46:48,950 - INFO - 正在獲取市場數據...
2025-06-30 12:47:10,124 - INFO - 成功載入現有監控清單，包含 50 支股票
2025-06-30 12:47:10,125 - INFO - 已備份原文件到: stock_watchlist.json.backup
2025-06-30 12:47:10,125 - INFO - 成功更新 stock_watchlist.json，包含 50 支股票
2025-06-30 12:47:10,126 - INFO - 監控清單更新成功
2025-06-30 12:47:10,127 - INFO - 掃描完成！
